#
# A fatal error has been detected by the Java Runtime Environment:
#
#  SIGSEGV (0xb) at pc=0x00007fff886820dd, pid=69061, tid=1811
#
# JRE version: Java(TM) SE Runtime Environment (8.0_25-b17) (build 1.8.0_25-b17)
# Java VM: Java HotSpot(TM) 64-Bit Server VM (25.25-b02 mixed mode bsd-amd64 compressed oops)
# Problematic frame:
# C  [libobjc.A.dylib+0x10dd]  objc_msgSend+0x1d
#
# Failed to write core dump. Core dumps have been disabled. To enable core dumping, try "ulimit -c unlimited" before starting Java again
#
# If you would like to submit a bug report, please visit:
#   http://bugreport.sun.com/bugreport/crash.jsp
# The crash happened outside the Java Virtual Machine in native code.
# See problematic frame for where to report the bug.
#

---------------  T H R E A D  ---------------

Current thread (0x00007fc553087800):  JavaThread "AppKit Thread" daemon [_thread_in_native, id=1811, stack(0x00007fff550f4000,0x00007fff558f4000)]

siginfo: si_signo: 11 (SIGSEGV), si_code: 1 (SEGV_MAPERR), si_addr: 0x000007fc55175e88

Registers:
RAX=0x00007fc551724120, RBX=0x00007fff558ef6b8, RCX=0x0000000000000000, RDX=0x00007fc551771c60
RSP=0x00007fff558ef4d8, RBP=0x00007fff558ef4e0, RSI=0x00007fff90bf52b4, RDI=0x00007fc551724120
R8 =0x00007fff558ef4c0, R9 =0x0000000000000055, R10=0x00007fff90bf52b4, R11=0x000007fc55175e70
R12=0x00007fc551601d20, R13=0x00000000000f42e8, R14=0x00007fc55159cf30, R15=0x00007fff558ef618
RIP=0x00007fff886820dd, EFLAGS=0x0000000000010202, ERR=0x0000000000000004
  TRAPNO=0x000000000000000e

Top of Stack: (sp=0x00007fff558ef4d8)
0x00007fff558ef4d8:   00007fff895d2cdc 00007fff558ef840
0x00007fff558ef4e8:   00007fff894c4244 00007fff558ef56c
0x00007fff558ef4f8:   00007fff558ef570 00007fff558ef574
0x00007fff558ef508:   00007fff7758dc88 ffffffffffffffff
0x00007fff558ef518:   00000000000007f8 00007fff7758dca0
0x00007fff558ef528:   00007fc55159cf30 0000000000000000
0x00007fff558ef538:   00007fff558ef610 0000000000000000
0x00007fff558ef548:   00007fc55146cb10 00007fff558ef690
0x00007fff558ef558:   0000000000000055 00000000000f42ea
0x00007fff558ef568:   00007fc551771c60 00007fc551431ac0
0x00007fff558ef578:   00007fc551601d20 0000000000000001
0x00007fff558ef588:   00000000000f42e8 00007fc551601d10
0x00007fff558ef598:   00007fff932197ba 0000000151623e50
0x00007fff558ef5a8:   00007fff758590d0 0000000042000000
0x00007fff558ef5b8:   00007fff93221e13 00007fff775581d0
0x00007fff558ef5c8:   00007fff558ef698 0000000000000000
0x00007fff558ef5d8:   00007fff75b828c8 0000000000000000
0x00007fff558ef5e8:   0000000000000005 00017c0300000001
0x00007fff558ef5f8:   00007fc551601d44 0000000000000000
0x00007fff558ef608:   00000000003bcb01 00007fc55146cb90
0x00007fff558ef618:   00007fc55159cf30 0000000000000000
0x00007fff558ef628:   00007fff90c2d34c 00007fff558ef6d0
0x00007fff558ef638:   00007fff8ded1513 00007fff558ef6b4
0x00007fff558ef648:   00000000003bcc01 00000000ffffffff
0x00007fff558ef658:   00007fff75b828c8 00000000003bcc00
0x00007fff558ef668:   00007fff00000000 00007fff558ef760
0x00007fff558ef678:   00007fff92d0fedc 00007fff75b828e8
0x00007fff558ef688:   00007fff90c2d34c 0000000000000051
0x00007fff558ef698:   0000000000000000 00000000000f42e1
0x00007fff558ef6a8:   0000000000000053 0000000000000000
0x00007fff558ef6b8:   00000000000f42e8 00007fff558ef734
0x00007fff558ef6c8:   00000000003bda01 00000000ffffffff 

Instructions: (pc=0x00007fff886820dd)
0x00007fff886820bd:   00 00 00 48 85 ff 2e 74 7a 40 f6 c7 01 2e 75 7e
0x00007fff886820cd:   49 bb f8 ff ff ff ff 7f 00 00 4c 23 1f 49 89 f2
0x00007fff886820dd:   45 23 53 18 49 c1 e2 04 4d 03 53 10 49 3b 32 75
0x00007fff886820ed:   04 41 ff 62 08 49 83 3a 00 74 6a 4d 3b 53 10 74 

Register to memory mapping:

RAX=0x00007fc551724120 is an unknown value
RBX=0x00007fff558ef6b8 is pointing into the stack for thread: 0x00007fc553087800
RCX=0x0000000000000000 is an unknown value
RDX=0x00007fc551771c60 is an unknown value
RSP=0x00007fff558ef4d8 is pointing into the stack for thread: 0x00007fc553087800
RBP=0x00007fff558ef4e0 is pointing into the stack for thread: 0x00007fc553087800
RSI=0x00007fff90bf52b4: -[NSTitlebarContainerView shouldRoundCorners]+0x5ced6 in /System/Library/Frameworks/AppKit.framework/Versions/C/AppKit at 0x00007fff90224000
RDI=0x00007fc551724120 is an unknown value
R8 =0x00007fff558ef4c0 is pointing into the stack for thread: 0x00007fc553087800
R9 =0x0000000000000055 is an unknown value
R10=0x00007fff90bf52b4: -[NSTitlebarContainerView shouldRoundCorners]+0x5ced6 in /System/Library/Frameworks/AppKit.framework/Versions/C/AppKit at 0x00007fff90224000
R11=0x000007fc55175e70 is an unknown value
R12=0x00007fc551601d20 is an unknown value
R13=0x00000000000f42e8 is an unknown value
R14=0x00007fc55159cf30 is an unknown value
R15=0x00007fff558ef618 is pointing into the stack for thread: 0x00007fc553087800


Stack: [0x00007fff550f4000,0x00007fff558f4000],  sp=0x00007fff558ef4d8,  free space=8173k
Native frames: (J=compiled Java code, j=interpreted, Vv=VM code, C=native code)
C  [libobjc.A.dylib+0x10dd]  objc_msgSend+0x1d
C  [CoreFoundation+0x10244]  _CFXNotificationPost+0xc44
C  [Foundation+0x2c31]  -[NSNotificationCenter postNotificationName:object:userInfo:]+0x42
C  [AppKit+0xdd776]  -[NSSurface _disposeSurface]+0x98
C  [AppKit+0xdd1da]  -[NSSurface setWindow:]+0x42
C  [AppKit+0x3b9ef]  -[NSView _setWindow:]+0xa22
C  [AppKit+0x3cc22]  -[NSView removeFromSuperview]+0x1c5
C  [AppKit+0x9140a]  -[NSView removeFromSuperviewWithoutNeedingDisplay]+0x26
C  [liblwjgl.dylib+0xa205]  +[MacOSXKeyableWindow destroyWindow]+0xb5
C  [Foundation+0x65cdc]  __NSThreadPerformPerform+0x125
C  [CoreFoundation+0x80681]  __CFRUNLOOP_IS_CALLING_OUT_TO_A_SOURCE0_PERFORM_FUNCTION__+0x11
C  [CoreFoundation+0x7280d]  __CFRunLoopDoSources0+0x10d
C  [CoreFoundation+0x71e3f]  __CFRunLoopRun+0x39f
C  [CoreFoundation+0x71858]  CFRunLoopRunSpecific+0x128
C  [HIToolbox+0x2eaef]  RunCurrentEventLoopInMode+0xeb
C  [HIToolbox+0x2e76e]  ReceiveNextEventCommon+0xb3
C  [HIToolbox+0x2e6ab]  _BlockUntilNextEventMatchingListInModeWithFilter+0x47
C  [AppKit+0x23f81]  _DPSNextEvent+0x3c4
C  [AppKit+0x23730]  -[NSApplication nextEventMatchingMask:untilDate:inMode:dequeue:]+0xc2
C  [libosxapp.dylib+0x242a]  -[NSApplicationAWT nextEventMatchingMask:untilDate:inMode:dequeue:]+0x7c
C  [AppKit+0x17593]  -[NSApplication run]+0x252
C  [libosxapp.dylib+0x223e]  +[NSApplicationAWT runAWTLoopWithApp:]+0x9c
C  [libawt_lwawt.dylib+0x4494f]  -[AWTStarter starter:]+0x389
C  [Foundation+0x65cdc]  __NSThreadPerformPerform+0x125
C  [CoreFoundation+0x80681]  __CFRUNLOOP_IS_CALLING_OUT_TO_A_SOURCE0_PERFORM_FUNCTION__+0x11
C  [CoreFoundation+0x7280d]  __CFRunLoopDoSources0+0x10d
C  [CoreFoundation+0x71e3f]  __CFRunLoopRun+0x39f
C  [CoreFoundation+0x71858]  CFRunLoopRunSpecific+0x128
C  [java+0x56cc]  CreateExecutionEnvironment+0x367
C  [java+0x165c]  JLI_Launch+0x7a0
C  [java+0x768a]  main+0x65
C  [java+0xeb4]  start+0x34
C  0x0000000000000006


---------------  P R O C E S S  ---------------

Java Threads: ( => current thread )
  0x00007fc55208f800 JavaThread "AWT-Shutdown" [_thread_blocked, id=30991, stack(0x000000012f405000,0x000000012f505000)]
=>0x00007fc553087800 JavaThread "AppKit Thread" daemon [_thread_in_native, id=1811, stack(0x00007fff550f4000,0x00007fff558f4000)]
  0x00007fc552011800 JavaThread "Service Thread" daemon [_thread_blocked, id=20739, stack(0x0000000129dc8000,0x0000000129ec8000)]
  0x00007fc55301a000 JavaThread "C1 CompilerThread3" daemon [_thread_blocked, id=20227, stack(0x0000000129cc5000,0x0000000129dc5000)]
  0x00007fc55281f800 JavaThread "C2 CompilerThread2" daemon [_thread_blocked, id=19715, stack(0x0000000129bc2000,0x0000000129cc2000)]
  0x00007fc551862000 JavaThread "C2 CompilerThread1" daemon [_thread_blocked, id=19203, stack(0x0000000129abf000,0x0000000129bbf000)]
  0x00007fc55183b800 JavaThread "C2 CompilerThread0" daemon [_thread_blocked, id=18691, stack(0x00000001299bc000,0x0000000129abc000)]
  0x00007fc55183a000 JavaThread "Signal Dispatcher" daemon [_thread_blocked, id=14611, stack(0x00000001298b9000,0x00000001299b9000)]
  0x00007fc552010000 JavaThread "Finalizer" daemon [_thread_blocked, id=13571, stack(0x0000000127f75000,0x0000000128075000)]
  0x00007fc55200f800 JavaThread "Reference Handler" daemon [_thread_blocked, id=13059, stack(0x0000000127e72000,0x0000000127f72000)]
  0x00007fc552001000 JavaThread "main" [_thread_in_native, id=4867, stack(0x000000010a422000,0x000000010a522000)]

Other Threads:
  0x00007fc55185b000 VMThread [stack: 0x0000000127d6f000,0x0000000127e6f000] [id=12547]
  0x00007fc552012000 WatcherThread [stack: 0x0000000129ecb000,0x0000000129fcb000] [id=21251]

VM state:not at safepoint (normal execution)

VM Mutex/Monitor currently owned by a thread: None

Heap:
 PSYoungGen      total 76288K, used 15731K [0x000000076ab00000, 0x0000000770000000, 0x00000007c0000000)
  eden space 65536K, 24% used [0x000000076ab00000,0x000000076ba5cfd0,0x000000076eb00000)
  from space 10752K, 0% used [0x000000076f580000,0x000000076f580000,0x0000000770000000)
  to   space 10752K, 0% used [0x000000076eb00000,0x000000076eb00000,0x000000076f580000)
 ParOldGen       total 175104K, used 0K [0x00000006c0000000, 0x00000006cab00000, 0x000000076ab00000)
  object space 175104K, 0% used [0x00000006c0000000,0x00000006c0000000,0x00000006cab00000)
 Metaspace       used 6863K, capacity 6953K, committed 7168K, reserved 1056768K
  class space    used 697K, capacity 759K, committed 768K, reserved 1048576K

Card table byte_map: [0x000000011b8dc000,0x000000011c0dd000] byte_map_base: 0x00000001182dc000

Marking Bits: (ParMarkBitMap*) 0x000000010be9d390
 Begin Bits: [0x000000011ce4b000, 0x0000000120e4b000)
 End Bits:   [0x0000000120e4b000, 0x0000000124e4b000)

Polling page: 0x000000010a566000

CodeCache: size=245760Kb used=2577Kb max_used=2577Kb free=243182Kb
 bounds [0x000000010c51c000, 0x000000010c7ac000, 0x000000011b51c000]
 total_blobs=1024 nmethods=635 adapters=304
 compilation: enabled

Compilation events (10 events):
Event: 4.596 Thread 0x00007fc55301a000  631       3       org.newdawn.slick.Input::getMouseY (21 bytes)
Event: 4.597 Thread 0x00007fc55301a000 nmethod 631 0x000000010c79f950 code [0x000000010c79fac0, 0x000000010c79fdf0]
Event: 4.597 Thread 0x00007fc55301a000  632   !   3       org.lwjgl.input.Mouse::getY (17 bytes)
Event: 4.597 Thread 0x00007fc55301a000 nmethod 632 0x000000010c79ff10 code [0x000000010c7a0080, 0x000000010c7a02f0]
Event: 4.707 Thread 0x00007fc55301a000  633       3       java.util.LinkedHashMap::afterNodeAccess (116 bytes)
Event: 4.708 Thread 0x00007fc55301a000 nmethod 633 0x000000010c7a03d0 code [0x000000010c7a0560, 0x000000010c7a0a30]
Event: 5.226 Thread 0x00007fc55301a000  634       3       org.lwjgl.MemoryUtil::getAddress (9 bytes)
Event: 5.226 Thread 0x00007fc55301a000 nmethod 634 0x000000010c7a0b90 code [0x000000010c7a0d00, 0x000000010c7a1010]
Event: 5.226 Thread 0x00007fc55301a000  635       3       org.lwjgl.MemoryUtil::getAddress (10 bytes)
Event: 5.227 Thread 0x00007fc55301a000 nmethod 635 0x000000010c7a11d0 code [0x000000010c7a1340, 0x000000010c7a1550]

GC Heap History (0 events):
No events

Deoptimization events (0 events):
No events

Internal exceptions (10 events):
Event: 0.926 Thread 0x00007fc552001000 Exception <a 'java/security/PrivilegedActionException'> (0x000000076b854b68) thrown at [/HUDSON3/workspace/8-2-build-macosx-x86_64/jdk8u25/1514/hotspot/src/share/vm/prims/jvm.cpp, line 1312]
Event: 0.927 Thread 0x00007fc552001000 Exception <a 'java/security/PrivilegedActionException'> (0x000000076b859930) thrown at [/HUDSON3/workspace/8-2-build-macosx-x86_64/jdk8u25/1514/hotspot/src/share/vm/prims/jvm.cpp, line 1312]
Event: 0.927 Thread 0x00007fc552001000 Exception <a 'java/security/PrivilegedActionException'> (0x000000076b860690) thrown at [/HUDSON3/workspace/8-2-build-macosx-x86_64/jdk8u25/1514/hotspot/src/share/vm/prims/jvm.cpp, line 1312]
Event: 0.928 Thread 0x00007fc552001000 Exception <a 'java/security/PrivilegedActionException'> (0x000000076b866bc0) thrown at [/HUDSON3/workspace/8-2-build-macosx-x86_64/jdk8u25/1514/hotspot/src/share/vm/prims/jvm.cpp, line 1312]
Event: 0.928 Thread 0x00007fc552001000 Exception <a 'java/security/PrivilegedActionException'> (0x000000076b872100) thrown at [/HUDSON3/workspace/8-2-build-macosx-x86_64/jdk8u25/1514/hotspot/src/share/vm/prims/jvm.cpp, line 1312]
Event: 0.929 Thread 0x00007fc552001000 Exception <a 'java/security/PrivilegedActionException'> (0x000000076b8779d8) thrown at [/HUDSON3/workspace/8-2-build-macosx-x86_64/jdk8u25/1514/hotspot/src/share/vm/prims/jvm.cpp, line 1312]
Event: 0.930 Thread 0x00007fc552001000 Exception <a 'java/security/PrivilegedActionException'> (0x000000076b87bae0) thrown at [/HUDSON3/workspace/8-2-build-macosx-x86_64/jdk8u25/1514/hotspot/src/share/vm/prims/jvm.cpp, line 1312]
Event: 0.936 Thread 0x00007fc552001000 Exception <a 'java/security/PrivilegedActionException'> (0x000000076b890e70) thrown at [/HUDSON3/workspace/8-2-build-macosx-x86_64/jdk8u25/1514/hotspot/src/share/vm/prims/jvm.cpp, line 1312]
Event: 0.939 Thread 0x00007fc552001000 Exception <a 'java/security/PrivilegedActionException'> (0x000000076b899530) thrown at [/HUDSON3/workspace/8-2-build-macosx-x86_64/jdk8u25/1514/hotspot/src/share/vm/prims/jvm.cpp, line 1312]
Event: 5.251 Thread 0x00007fc552001000 Exception <a 'java/security/PrivilegedActionException'> (0x000000076b8ac440) thrown at [/HUDSON3/workspace/8-2-build-macosx-x86_64/jdk8u25/1514/hotspot/src/share/vm/prims/jvm.cpp, line 1312]

Events (10 events):
Event: 3.586 loading class java/util/IdentityHashMap$ValueIterator
Event: 3.586 loading class java/util/IdentityHashMap$IdentityHashMapIterator
Event: 3.586 loading class java/util/IdentityHashMap$IdentityHashMapIterator done
Event: 3.586 loading class java/util/IdentityHashMap$ValueIterator done
Event: 3.586 Thread 0x00007fc553093800 Thread exited: 0x00007fc553093800
Event: 4.101 Executing VM operation: EnableBiasedLocking
Event: 4.101 Executing VM operation: EnableBiasedLocking done
Event: 5.112 Thread 0x00007fc55208f800 Thread added: 0x00007fc55208f800
Event: 5.251 loading class org/lwjgl/opengl/CallbackUtil
Event: 5.251 loading class org/lwjgl/opengl/CallbackUtil done


Dynamic libraries:
0x00000000052fc000 	/System/Library/Frameworks/Cocoa.framework/Versions/A/Cocoa
0x00000000052fc000 	/System/Library/Frameworks/Security.framework/Versions/A/Security
0x00000000052fc000 	/System/Library/Frameworks/ApplicationServices.framework/Versions/A/ApplicationServices
0x00000000052fc000 	/usr/lib/libz.1.dylib
0x00000000052fc000 	/usr/lib/libSystem.B.dylib
0x00000000052fc000 	/usr/lib/libobjc.A.dylib
0x00000000052fc000 	/System/Library/Frameworks/CoreFoundation.framework/Versions/A/CoreFoundation
0x00000000052fc000 	/System/Library/Frameworks/Foundation.framework/Versions/C/Foundation
0x00000000052fc000 	/System/Library/Frameworks/AppKit.framework/Versions/C/AppKit
0x00000000052fc000 	/System/Library/Frameworks/CoreData.framework/Versions/A/CoreData
0x00000000052fc000 	/System/Library/PrivateFrameworks/RemoteViewServices.framework/Versions/A/RemoteViewServices
0x00000000052fc000 	/System/Library/PrivateFrameworks/UIFoundation.framework/Versions/A/UIFoundation
0x00000000052fc000 	/System/Library/Frameworks/IOSurface.framework/Versions/A/IOSurface
0x00000000052fc000 	/System/Library/Frameworks/AudioToolbox.framework/Versions/A/AudioToolbox
0x00000000052fc000 	/System/Library/Frameworks/AudioUnit.framework/Versions/A/AudioUnit
0x00000000052fc000 	/System/Library/PrivateFrameworks/DataDetectorsCore.framework/Versions/A/DataDetectorsCore
0x00000000052fc000 	/System/Library/PrivateFrameworks/DesktopServicesPriv.framework/Versions/A/DesktopServicesPriv
0x00000000052fc000 	/System/Library/Frameworks/Carbon.framework/Versions/A/Frameworks/HIToolbox.framework/Versions/A/HIToolbox
0x00000000052fc000 	/System/Library/Frameworks/QuartzCore.framework/Versions/A/QuartzCore
0x00000000052fc000 	/System/Library/Frameworks/Carbon.framework/Versions/A/Frameworks/SpeechRecognition.framework/Versions/A/SpeechRecognition
0x00000000052fc000 	/usr/lib/libauto.dylib
0x00000000052fc000 	/usr/lib/libicucore.A.dylib
0x00000000052fc000 	/usr/lib/libxml2.2.dylib
0x00000000052fc000 	/System/Library/PrivateFrameworks/CoreUI.framework/Versions/A/CoreUI
0x00000000052fc000 	/System/Library/Frameworks/CoreAudio.framework/Versions/A/CoreAudio
0x00000000052fc000 	/System/Library/Frameworks/DiskArbitration.framework/Versions/A/DiskArbitration
0x00000000052fc000 	/usr/lib/liblangid.dylib
0x00000000052fc000 	/System/Library/PrivateFrameworks/MultitouchSupport.framework/Versions/A/MultitouchSupport
0x00000000052fc000 	/System/Library/Frameworks/IOKit.framework/Versions/A/IOKit
0x00000000052fc000 	/usr/lib/libDiagnosticMessagesClient.dylib
0x00000000052fc000 	/System/Library/Frameworks/CoreServices.framework/Versions/A/CoreServices
0x00000000052fc000 	/System/Library/PrivateFrameworks/PerformanceAnalysis.framework/Versions/A/PerformanceAnalysis
0x00000000052fc000 	/System/Library/PrivateFrameworks/GenerationalStorage.framework/Versions/A/GenerationalStorage
0x00000000052fc000 	/System/Library/Frameworks/OpenGL.framework/Versions/A/OpenGL
0x00000000052fc000 	/System/Library/PrivateFrameworks/Sharing.framework/Versions/A/Sharing
0x00000000052fc000 	/System/Library/Frameworks/CoreGraphics.framework/Versions/A/CoreGraphics
0x00000000052fc000 	/System/Library/Frameworks/CoreText.framework/Versions/A/CoreText
0x00000000052fc000 	/System/Library/Frameworks/ImageIO.framework/Versions/A/ImageIO
0x00000000052fc000 	/usr/lib/libextension.dylib
0x00000000052fc000 	/System/Library/PrivateFrameworks/Backup.framework/Versions/A/Backup
0x00000000052fc000 	/usr/lib/libarchive.2.dylib
0x00000000052fc000 	/System/Library/Frameworks/CFNetwork.framework/Versions/A/CFNetwork
0x00000000052fc000 	/System/Library/Frameworks/SystemConfiguration.framework/Versions/A/SystemConfiguration
0x00000000052fc000 	/usr/lib/libCRFSuite.dylib
0x00000000052fc000 	/usr/lib/libc++.1.dylib
0x00000000052fc000 	/usr/lib/libc++abi.dylib
0x00000000052fc000 	/usr/lib/system/libcache.dylib
0x00000000052fc000 	/usr/lib/system/libcommonCrypto.dylib
0x00000000052fc000 	/usr/lib/system/libcompiler_rt.dylib
0x00000000052fc000 	/usr/lib/system/libcopyfile.dylib
0x00000000052fc000 	/usr/lib/system/libcorecrypto.dylib
0x00000000052fc000 	/usr/lib/system/libdispatch.dylib
0x00000000052fc000 	/usr/lib/system/libdyld.dylib
0x00000000052fc000 	/usr/lib/system/libkeymgr.dylib
0x00000000052fc000 	/usr/lib/system/liblaunch.dylib
0x00000000052fc000 	/usr/lib/system/libmacho.dylib
0x00000000052fc000 	/usr/lib/system/libquarantine.dylib
0x00000000052fc000 	/usr/lib/system/libremovefile.dylib
0x00000000052fc000 	/usr/lib/system/libsystem_asl.dylib
0x00000000052fc000 	/usr/lib/system/libsystem_blocks.dylib
0x00000000052fc000 	/usr/lib/system/libsystem_c.dylib
0x00000000052fc000 	/usr/lib/system/libsystem_configuration.dylib
0x00000000052fc000 	/usr/lib/system/libsystem_coreservices.dylib
0x00000000052fc000 	/usr/lib/system/libsystem_coretls.dylib
0x00000000052fc000 	/usr/lib/system/libsystem_dnssd.dylib
0x00000000052fc000 	/usr/lib/system/libsystem_info.dylib
0x00000000052fc000 	/usr/lib/system/libsystem_kernel.dylib
0x00000000052fc000 	/usr/lib/system/libsystem_m.dylib
0x00000000052fc000 	/usr/lib/system/libsystem_malloc.dylib
0x00000000052fc000 	/usr/lib/system/libsystem_network.dylib
0x00000000052fc000 	/usr/lib/system/libsystem_networkextension.dylib
0x00000000052fc000 	/usr/lib/system/libsystem_notify.dylib
0x00000000052fc000 	/usr/lib/system/libsystem_platform.dylib
0x00000000052fc000 	/usr/lib/system/libsystem_pthread.dylib
0x00000000052fc000 	/usr/lib/system/libsystem_sandbox.dylib
0x00000000052fc000 	/usr/lib/system/libsystem_secinit.dylib
0x00000000052fc000 	/usr/lib/system/libsystem_stats.dylib
0x00000000052fc000 	/usr/lib/system/libsystem_trace.dylib
0x00000000052fc000 	/usr/lib/system/libunc.dylib
0x00000000052fc000 	/usr/lib/system/libunwind.dylib
0x00000000052fc000 	/usr/lib/system/libxpc.dylib
0x00000000052fc000 	/usr/lib/libbz2.1.0.dylib
0x00000000052fc000 	/usr/lib/liblzma.5.dylib
0x00000000052fc000 	/usr/lib/libbsm.0.dylib
0x00000000052fc000 	/usr/lib/libsqlite3.dylib
0x00000000052fc000 	/usr/lib/system/libkxld.dylib
0x00000000052fc000 	/usr/lib/libxar.1.dylib
0x00000000052fc000 	/usr/lib/libpam.2.dylib
0x00000000052fc000 	/usr/lib/libOpenScriptingUtil.dylib
0x00000000052fc000 	/System/Library/Frameworks/CoreServices.framework/Versions/A/Frameworks/FSEvents.framework/Versions/A/FSEvents
0x00000000052fc000 	/System/Library/Frameworks/CoreServices.framework/Versions/A/Frameworks/CarbonCore.framework/Versions/A/CarbonCore
0x00000000052fc000 	/System/Library/Frameworks/CoreServices.framework/Versions/A/Frameworks/Metadata.framework/Versions/A/Metadata
0x00000000052fc000 	/System/Library/Frameworks/CoreServices.framework/Versions/A/Frameworks/OSServices.framework/Versions/A/OSServices
0x00000000052fc000 	/System/Library/Frameworks/CoreServices.framework/Versions/A/Frameworks/SearchKit.framework/Versions/A/SearchKit
0x00000000052fc000 	/System/Library/Frameworks/CoreServices.framework/Versions/A/Frameworks/AE.framework/Versions/A/AE
0x00000000052fc000 	/System/Library/Frameworks/CoreServices.framework/Versions/A/Frameworks/LaunchServices.framework/Versions/A/LaunchServices
0x00000000052fc000 	/System/Library/Frameworks/CoreServices.framework/Versions/A/Frameworks/DictionaryServices.framework/Versions/A/DictionaryServices
0x00000000052fc000 	/System/Library/Frameworks/NetFS.framework/Versions/A/NetFS
0x00000000052fc000 	/System/Library/PrivateFrameworks/NetAuth.framework/Versions/A/NetAuth
0x00000000052fc000 	/System/Library/PrivateFrameworks/login.framework/Versions/A/Frameworks/loginsupport.framework/Versions/A/loginsupport
0x00000000052fc000 	/System/Library/PrivateFrameworks/TCC.framework/Versions/A/TCC
0x00000000052fc000 	/usr/lib/libmecabra.dylib
0x00000000052fc000 	/System/Library/Frameworks/ApplicationServices.framework/Versions/A/Frameworks/ATS.framework/Versions/A/ATS
0x00000000052fc000 	/System/Library/Frameworks/ApplicationServices.framework/Versions/A/Frameworks/ColorSync.framework/Versions/A/ColorSync
0x00000000052fc000 	/System/Library/Frameworks/ApplicationServices.framework/Versions/A/Frameworks/HIServices.framework/Versions/A/HIServices
0x00000000052fc000 	/System/Library/Frameworks/ApplicationServices.framework/Versions/A/Frameworks/LangAnalysis.framework/Versions/A/LangAnalysis
0x00000000052fc000 	/System/Library/Frameworks/ApplicationServices.framework/Versions/A/Frameworks/PrintCore.framework/Versions/A/PrintCore
0x00000000052fc000 	/System/Library/Frameworks/ApplicationServices.framework/Versions/A/Frameworks/QD.framework/Versions/A/QD
0x00000000052fc000 	/System/Library/Frameworks/ApplicationServices.framework/Versions/A/Frameworks/SpeechSynthesis.framework/Versions/A/SpeechSynthesis
0x00000000052fc000 	/System/Library/Frameworks/Accelerate.framework/Versions/A/Accelerate
0x00000000052fc000 	/System/Library/Frameworks/Accelerate.framework/Versions/A/Frameworks/vImage.framework/Versions/A/vImage
0x00000000052fc000 	/System/Library/Frameworks/Accelerate.framework/Versions/A/Frameworks/vecLib.framework/Versions/A/vecLib
0x00000000052fc000 	/System/Library/Frameworks/Accelerate.framework/Versions/A/Frameworks/vecLib.framework/Versions/A/libvDSP.dylib
0x00000000052fc000 	/System/Library/Frameworks/Accelerate.framework/Versions/A/Frameworks/vecLib.framework/Versions/A/libvMisc.dylib
0x00000000052fc000 	/System/Library/Frameworks/Accelerate.framework/Versions/A/Frameworks/vecLib.framework/Versions/A/libLAPACK.dylib
0x00000000052fc000 	/System/Library/Frameworks/Accelerate.framework/Versions/A/Frameworks/vecLib.framework/Versions/A/libBLAS.dylib
0x00000000052fc000 	/System/Library/Frameworks/Accelerate.framework/Versions/A/Frameworks/vecLib.framework/Versions/A/libLinearAlgebra.dylib
0x00000000052fc000 	/System/Library/Frameworks/ApplicationServices.framework/Versions/A/Frameworks/ATS.framework/Versions/A/Resources/libFontParser.dylib
0x00000000052fc000 	/System/Library/Frameworks/ApplicationServices.framework/Versions/A/Frameworks/ATS.framework/Versions/A/Resources/libFontRegistry.dylib
0x00000000052fc000 	/System/Library/PrivateFrameworks/AppleVPA.framework/Versions/A/AppleVPA
0x00000000052fc000 	/System/Library/PrivateFrameworks/AppleJPEG.framework/Versions/A/AppleJPEG
0x00000000052fc000 	/System/Library/Frameworks/ImageIO.framework/Versions/A/Resources/libJPEG.dylib
0x00000000052fc000 	/System/Library/Frameworks/ImageIO.framework/Versions/A/Resources/libTIFF.dylib
0x00000000052fc000 	/System/Library/Frameworks/ImageIO.framework/Versions/A/Resources/libPng.dylib
0x00000000052fc000 	/System/Library/Frameworks/ImageIO.framework/Versions/A/Resources/libGIF.dylib
0x00000000052fc000 	/System/Library/Frameworks/ImageIO.framework/Versions/A/Resources/libJP2.dylib
0x00000000052fc000 	/System/Library/Frameworks/ImageIO.framework/Versions/A/Resources/libRadiance.dylib
0x00000000052fc000 	/System/Library/Frameworks/CoreVideo.framework/Versions/A/CoreVideo
0x00000000052fc000 	/System/Library/Frameworks/OpenGL.framework/Versions/A/Libraries/libGLU.dylib
0x00000000052fc000 	/System/Library/Frameworks/OpenGL.framework/Versions/A/Libraries/libGFXShared.dylib
0x00000000052fc000 	/System/Library/Frameworks/OpenGL.framework/Versions/A/Libraries/libGL.dylib
0x00000000052fc000 	/System/Library/Frameworks/OpenGL.framework/Versions/A/Libraries/libGLImage.dylib
0x00000000052fc000 	/System/Library/Frameworks/OpenGL.framework/Versions/A/Libraries/libCVMSPluginSupport.dylib
0x00000000052fc000 	/System/Library/Frameworks/OpenGL.framework/Versions/A/Libraries/libCoreVMClient.dylib
0x00000000052fc000 	/usr/lib/libcups.2.dylib
0x00000000052fc000 	/System/Library/Frameworks/Kerberos.framework/Versions/A/Kerberos
0x00000000052fc000 	/System/Library/Frameworks/GSS.framework/Versions/A/GSS
0x00000000052fc000 	/usr/lib/libresolv.9.dylib
0x00000000052fc000 	/usr/lib/libiconv.2.dylib
0x00000000052fc000 	/System/Library/PrivateFrameworks/Heimdal.framework/Versions/A/Heimdal
0x00000000052fc000 	/usr/lib/libheimdal-asn1.dylib
0x00000000052fc000 	/System/Library/Frameworks/OpenDirectory.framework/Versions/A/OpenDirectory
0x00000000052fc000 	/System/Library/PrivateFrameworks/CommonAuth.framework/Versions/A/CommonAuth
0x00000000052fc000 	/System/Library/Frameworks/OpenDirectory.framework/Versions/A/Frameworks/CFOpenDirectory.framework/Versions/A/CFOpenDirectory
0x00000000052fc000 	/System/Library/Frameworks/SecurityFoundation.framework/Versions/A/SecurityFoundation
0x00000000052fc000 	/System/Library/PrivateFrameworks/LanguageModeling.framework/Versions/A/LanguageModeling
0x00000000052fc000 	/usr/lib/libcmph.dylib
0x00000000052fc000 	/System/Library/Frameworks/ServiceManagement.framework/Versions/A/ServiceManagement
0x00000000052fc000 	/usr/lib/libxslt.1.dylib
0x00000000052fc000 	/System/Library/Frameworks/Carbon.framework/Versions/A/Frameworks/Ink.framework/Versions/A/Ink
0x00000000052fc000 	/System/Library/Frameworks/QuartzCore.framework/Versions/A/Frameworks/CoreImage.framework/Versions/A/CoreImage
0x00000000052fc000 	/System/Library/PrivateFrameworks/CrashReporterSupport.framework/Versions/A/CrashReporterSupport
0x00000000052fc000 	/System/Library/Frameworks/OpenCL.framework/Versions/A/OpenCL
0x00000000052fc000 	/System/Library/PrivateFrameworks/FaceCore.framework/Versions/A/FaceCore
0x00000000052fc000 	/System/Library/PrivateFrameworks/Ubiquity.framework/Versions/A/Ubiquity
0x00000000052fc000 	/System/Library/PrivateFrameworks/IconServices.framework/Versions/A/IconServices
0x00000000052fc000 	/System/Library/PrivateFrameworks/ChunkingLibrary.framework/Versions/A/ChunkingLibrary
0x00000000052fc000 	/System/Library/PrivateFrameworks/Apple80211.framework/Versions/A/Apple80211
0x00000000052fc000 	/System/Library/Frameworks/CoreWLAN.framework/Versions/A/CoreWLAN
0x00000000052fc000 	/System/Library/Frameworks/IOBluetooth.framework/Versions/A/IOBluetooth
0x00000000052fc000 	/System/Library/PrivateFrameworks/CoreWiFi.framework/Versions/A/CoreWiFi
0x00000000052fc000 	/System/Library/Frameworks/CoreBluetooth.framework/Versions/A/CoreBluetooth
0x00000000052fc000 	/System/Library/PrivateFrameworks/DebugSymbols.framework/Versions/A/DebugSymbols
0x00000000052fc000 	/System/Library/PrivateFrameworks/CoreSymbolication.framework/Versions/A/CoreSymbolication
0x00000000052fc000 	/System/Library/PrivateFrameworks/Symbolication.framework/Versions/A/Symbolication
0x00000000052fc000 	/System/Library/PrivateFrameworks/SpeechRecognitionCore.framework/Versions/A/SpeechRecognitionCore
0x000000010b600000 	/Library/Java/JavaVirtualMachines/jdk1.8.0_25.jdk/Contents/Home/jre/lib/server/libjvm.dylib
0x00000000052fc000 	/usr/lib/libstdc++.6.dylib
0x000000010a524000 	/Library/Java/JavaVirtualMachines/jdk1.8.0_25.jdk/Contents/Home/jre/lib/libverify.dylib
0x000000010a532000 	/Library/Java/JavaVirtualMachines/jdk1.8.0_25.jdk/Contents/Home/jre/lib/libjava.dylib
0x000000010a570000 	/Library/Java/JavaVirtualMachines/jdk1.8.0_25.jdk/Contents/Home/jre/lib/libzip.dylib
0x0000000128077000 	/System/Library/Frameworks/JavaVM.framework/Frameworks/JavaRuntimeSupport.framework/JavaRuntimeSupport
0x000000012808f000 	/System/Library/Frameworks/JavaVM.framework/Versions/A/Frameworks/JavaNativeFoundation.framework/Versions/A/JavaNativeFoundation
0x000000010a5f2000 	/System/Library/Frameworks/JavaVM.framework/Versions/A/JavaVM
0x00000000052fc000 	/System/Library/Frameworks/Carbon.framework/Versions/A/Carbon
0x00000001280a4000 	/System/Library/PrivateFrameworks/JavaLaunching.framework/Versions/A/JavaLaunching
0x00000000052fc000 	/System/Library/Frameworks/Carbon.framework/Versions/A/Frameworks/CommonPanels.framework/Versions/A/CommonPanels
0x00000000052fc000 	/System/Library/Frameworks/Carbon.framework/Versions/A/Frameworks/Help.framework/Versions/A/Help
0x00000000052fc000 	/System/Library/Frameworks/Carbon.framework/Versions/A/Frameworks/ImageCapture.framework/Versions/A/ImageCapture
0x00000000052fc000 	/System/Library/Frameworks/Carbon.framework/Versions/A/Frameworks/OpenScripting.framework/Versions/A/OpenScripting
0x00000000052fc000 	/System/Library/Frameworks/Carbon.framework/Versions/A/Frameworks/Print.framework/Versions/A/Print
0x00000000052fc000 	/System/Library/Frameworks/Carbon.framework/Versions/A/Frameworks/SecurityHI.framework/Versions/A/SecurityHI
0x000000012a030000 	/Library/Java/JavaVirtualMachines/jdk1.8.0_25.jdk/Contents/Home/jre/lib/libawt.dylib
0x000000012a0df000 	/Library/Java/JavaVirtualMachines/jdk1.8.0_25.jdk/Contents/Home/jre/lib/./libmlib_image.dylib
0x000000012a1ab000 	/Library/Java/JavaVirtualMachines/jdk1.8.0_25.jdk/Contents/Home/jre/lib/libawt_lwawt.dylib
0x000000012a25e000 	/Library/Java/JavaVirtualMachines/jdk1.8.0_25.jdk/Contents/Home/jre/lib/./libosxapp.dylib
0x00000000052fc000 	/System/Library/Frameworks/ExceptionHandling.framework/Versions/A/ExceptionHandling
0x00000000052fc000 	/System/Library/PrivateFrameworks/CoreServicesInternal.framework/Versions/A/CoreServicesInternal
0x00000000052fc000 	/System/Library/PrivateFrameworks/CloudDocs.framework/Versions/A/CloudDocs
0x00000000052fc000 	/System/Library/PrivateFrameworks/CoreDuet.framework/Versions/A/CoreDuet
0x00000000052fc000 	/System/Library/Frameworks/CloudKit.framework/Versions/A/CloudKit
0x00000000052fc000 	/System/Library/PrivateFrameworks/ProtocolBuffer.framework/Versions/A/ProtocolBuffer
0x00000000052fc000 	/System/Library/PrivateFrameworks/CoreDuetDaemonProtocol.framework/Versions/A/CoreDuetDaemonProtocol
0x00000000052fc000 	/System/Library/PrivateFrameworks/CoreDuetDebugLogging.framework/Versions/A/CoreDuetDebugLogging
0x00000000052fc000 	/System/Library/Frameworks/CoreLocation.framework/Versions/A/CoreLocation
0x00000000052fc000 	/System/Library/Frameworks/Accounts.framework/Versions/A/Accounts
0x00000000052fc000 	/System/Library/PrivateFrameworks/ApplePushService.framework/Versions/A/ApplePushService
0x00000000052fc000 	/System/Library/PrivateFrameworks/GeoServices.framework/Versions/A/GeoServices
0x00000000052fc000 	/System/Library/PrivateFrameworks/OAuth.framework/Versions/A/OAuth
0x00000000052fc000 	/System/Library/PrivateFrameworks/CoreDaemon.framework/Versions/B/CoreDaemon
0x00000000052fc000 	/usr/lib/libcrypto.0.9.8.dylib
0x00000000052fc000 	/System/Library/PrivateFrameworks/AppleSRP.framework/Versions/A/AppleSRP
0x00000000052fc000 	/System/Library/PrivateFrameworks/TrustEvaluationAgent.framework/Versions/A/TrustEvaluationAgent
0x00000000052fc000 	/System/Library/Frameworks/CoreGraphics.framework/Versions/A/Resources/libCGCMS.A.dylib
0x00000000052fc000 	/System/Library/Frameworks/CoreGraphics.framework/Versions/A/Resources/libRIP.A.dylib
0x00000000052fc000 	/System/Library/Frameworks/CoreGraphics.framework/Versions/A/Resources/libCGXType.A.dylib
0x00000000052fc000 	/System/Library/Frameworks/OpenCL.framework/Versions/A/Libraries/libcldcpuengine.dylib
0x00000000052fc000 	/System/Library/PrivateFrameworks/DiskImages.framework/Versions/A/DiskImages
0x00000000052fc000 	/System/Library/Frameworks/DiscRecording.framework/Versions/A/DiscRecording
0x00000000052fc000 	/usr/lib/libcsfde.dylib
0x00000000052fc000 	/usr/lib/libcurl.4.dylib
0x00000000052fc000 	/System/Library/PrivateFrameworks/MediaKit.framework/Versions/A/MediaKit
0x00000000052fc000 	/System/Library/PrivateFrameworks/ProtectedCloudStorage.framework/Versions/A/ProtectedCloudStorage
0x00000000052fc000 	/usr/lib/libCoreStorage.dylib
0x00000000052fc000 	/System/Library/PrivateFrameworks/EFILogin.framework/Versions/A/EFILogin
0x00000000052fc000 	/usr/lib/libutil.dylib
0x00000000052fc000 	/System/Library/PrivateFrameworks/FindMyDevice.framework/Versions/A/FindMyDevice
0x00000000052fc000 	/System/Library/Frameworks/LDAP.framework/Versions/A/LDAP
0x00000000052fc000 	/usr/lib/libsasl2.2.dylib
0x000000012d10f000 	cl_kernels
0x000000012d111000 	/System/Library/Frameworks/OpenCL.framework/Versions/A/Libraries/ImageFormats/unorm8_bgra.dylib
0x000000012d101000 	cl_kernels
0x00000000052fc000 	/System/Library/PrivateFrameworks/FamilyControls.framework/Versions/A/FamilyControls
0x00000000052fc000 	/System/Library/PrivateFrameworks/CommerceKit.framework/Versions/A/Frameworks/CommerceCore.framework/Versions/A/CommerceCore
0x00000000052fc000 	/System/Library/PrivateFrameworks/SystemAdministration.framework/Versions/A/SystemAdministration
0x00000000052fc000 	/System/Library/PrivateFrameworks/AppContainer.framework/Versions/A/AppContainer
0x00000000052fc000 	/System/Library/PrivateFrameworks/SecCodeWrapper.framework/Versions/A/SecCodeWrapper
0x00000000052fc000 	/System/Library/Frameworks/DirectoryService.framework/Versions/A/DirectoryService
0x00000000052fc000 	/System/Library/PrivateFrameworks/LoginUIKit.framework/Versions/A/Frameworks/LoginUICore.framework/Versions/A/LoginUICore
0x00000000052fc000 	/usr/lib/libodfde.dylib
0x000000012e63f000 	/Library/Java/JavaVirtualMachines/jdk1.8.0_25.jdk/Contents/Home/jre/lib/libfontmanager.dylib
0x000000012e6a6000 	/Users/fredrikjohansen/Documents/OOSE15/native/macosx/liblwjgl.dylib
0x000000012c571000 	/Library/Java/JavaVirtualMachines/jdk1.8.0_25.jdk/Contents/Home/jre/lib/libjawt.dylib
0x00000000052fc000 	/System/Library/Frameworks/OpenGL.framework/Versions/A/Resources/GLEngine.bundle/GLEngine
0x00000000052fc000 	/System/Library/Frameworks/OpenGL.framework/Versions/A/Libraries/libGLProgrammability.dylib
0x0000000000000000 	/System/Library/Extensions/AppleIntelHD5000GraphicsGLDriver.bundle/Contents/MacOS/AppleIntelHD5000GraphicsGLDriver
0x00000000052fc000 	/System/Library/PrivateFrameworks/IOAccelerator.framework/Versions/A/IOAccelerator
0x00000000052fc000 	/System/Library/PrivateFrameworks/GPUSupport.framework/Versions/A/Libraries/libGPUSupportMercury.dylib
0x00000000052fc000 	/System/Library/Frameworks/OpenGL.framework/Versions/A/Resources/GLRendererFloat.bundle/GLRendererFloat
0x000000012f230000 	/Users/fredrikjohansen/Documents/OOSE15/native/macosx/libjinput-osx.dylib
0x000000012f235000 	/System/Library/Extensions/IOHIDFamily.kext/Contents/PlugIns/IOHIDLib.plugin/Contents/MacOS/IOHIDLib

VM Arguments:
jvm_args: -Djava.library.path=/Users/fredrikjohansen/Documents/OOSE15/native/macosx -Dfile.encoding=UTF-8 
java_command: example.SimpleSlickGame
java_class_path (initial): /Users/fredrikjohansen/Documents/OOSE15/bin:/Users/fredrikjohansen/Documents/OOSE15/lib/ibxm.jar:/Users/fredrikjohansen/Documents/OOSE15/lib/jinput.jar:/Users/fredrikjohansen/Documents/OOSE15/lib/jogg-0.0.7.jar:/Users/fredrikjohansen/Documents/OOSE15/lib/jorbis-0.0.15.jar:/Users/fredrikjohansen/Documents/OOSE15/lib/lwjgl_util.jar:/Users/fredrikjohansen/Documents/OOSE15/lib/lwjgl.jar:/Users/fredrikjohansen/Documents/OOSE15/lib/slick-examples.jar:/Users/fredrikjohansen/Documents/OOSE15/lib/slick.jar:/Users/fredrikjohansen/Documents/OOSE15/lib/tinylinepp.jar
Launcher Type: SUN_STANDARD

Environment Variables:
PATH=/usr/bin:/bin:/usr/sbin:/sbin
SHELL=/bin/bash
DISPLAY=/private/tmp/com.apple.launchd.gcPQe8prrL/org.macosforge.xquartz:0

Signal Handlers:
SIGSEGV: [libjvm.dylib+0x579dc7], sa_mask[0]=11111111011111110111111111111111, sa_flags=SA_ONSTACK|SA_RESTART|SA_SIGINFO
SIGBUS: [libjvm.dylib+0x579dc7], sa_mask[0]=11111111011111110111111111111111, sa_flags=SA_RESTART|SA_SIGINFO
SIGFPE: [libjvm.dylib+0x45b030], sa_mask[0]=11111111011111110111111111111111, sa_flags=SA_RESTART|SA_SIGINFO
SIGPIPE: [libjvm.dylib+0x45b030], sa_mask[0]=11111111011111110111111111111111, sa_flags=SA_RESTART|SA_SIGINFO
SIGXFSZ: [libjvm.dylib+0x45b030], sa_mask[0]=11111111011111110111111111111111, sa_flags=SA_RESTART|SA_SIGINFO
SIGILL: [libjvm.dylib+0x45b030], sa_mask[0]=11111111011111110111111111111111, sa_flags=SA_RESTART|SA_SIGINFO
SIGUSR1: SIG_DFL, sa_mask[0]=00000000000000000000000000000000, sa_flags=none
SIGUSR2: [libjvm.dylib+0x45ab4e], sa_mask[0]=00100000000000000000000000000000, sa_flags=SA_RESTART|SA_SIGINFO
SIGHUP: [libjvm.dylib+0x459121], sa_mask[0]=11111111011111110111111111111111, sa_flags=SA_RESTART|SA_SIGINFO
SIGINT: [libjvm.dylib+0x459121], sa_mask[0]=11111111011111110111111111111111, sa_flags=SA_RESTART|SA_SIGINFO
SIGTERM: [libjvm.dylib+0x459121], sa_mask[0]=11111111011111110111111111111111, sa_flags=SA_RESTART|SA_SIGINFO
SIGQUIT: [libjvm.dylib+0x459121], sa_mask[0]=11111111011111110111111111111111, sa_flags=SA_RESTART|SA_SIGINFO


---------------  S Y S T E M  ---------------

OS:Bsduname:Darwin 14.1.0 Darwin Kernel Version 14.1.0: Mon Dec 22 23:10:38 PST 2014; root:xnu-2782.10.72~2/RELEASE_X86_64 x86_64
rlimit: STACK 8192k, CORE 0k, NPROC 709, NOFILE 10240, AS infinity
load average:2.64 2.85 2.75

CPU:total 8 (4 cores per cpu, 2 threads per core) family 6 model 70 stepping 1, cmov, cx8, fxsr, mmx, sse, sse2, sse3, ssse3, sse4.1, sse4.2, popcnt, avx, avx2, aes, clmul, erms, lzcnt, ht, tsc, tscinvbit, bmi1, bmi2

Memory: 4k page, physical 16777216k(77624k free)

/proc/meminfo:


vm_info: Java HotSpot(TM) 64-Bit Server VM (25.25-b02) for bsd-amd64 JRE (1.8.0_25-b17), built on Sep 17 2014 16:56:50 by "java_re" with gcc 4.2.1 (Based on Apple Inc. build 5658) (LLVM build 2336.11.00)

time: Sun Apr 26 18:01:32 2015
elapsed time: 5 seconds (0d 0h 0m 5s)

