#
# A fatal error has been detected by the Java Runtime Environment:
#
#  SIGSEGV (0xb) at pc=0x00007fff8fc0e0dd, pid=12413, tid=1811
#
# JRE version: Java(TM) SE Runtime Environment (8.0_25-b17) (build 1.8.0_25-b17)
# Java VM: Java HotSpot(TM) 64-Bit Server VM (25.25-b02 mixed mode bsd-amd64 compressed oops)
# Problematic frame:
# C  [libobjc.A.dylib+0x10dd]  objc_msgSend+0x1d
#
# Failed to write core dump. Core dumps have been disabled. To enable core dumping, try "ulimit -c unlimited" before starting Java again
#
# If you would like to submit a bug report, please visit:
#   http://bugreport.sun.com/bugreport/crash.jsp
# The crash happened outside the Java Virtual Machine in native code.
# See problematic frame for where to report the bug.
#

---------------  T H R E A D  ---------------

Current thread (0x00007faa23874000):  JavaThread "AppKit Thread" daemon [_thread_in_native, id=1811, stack(0x00007fff54654000,0x00007fff54e54000)]

siginfo: si_signo: 11 (SIGSEGV), si_code: 1 (SEGV_MAPERR), si_addr: 0x000007faa20c6dc8

Registers:
RAX=0x00007faa20c6f550, RBX=0x00007fff54e4f6b8, RCX=0x0000000000000000, RDX=0x00007faa20e71080
RSP=0x00007fff54e4f4d8, RBP=0x00007fff54e4f4e0, RSI=0x00007fff981812b4, RDI=0x00007faa20c6f550
R8 =0x00007fff54e4f4c0, R9 =0x0000000000000055, R10=0x00007fff981812b4, R11=0x000007faa20c6db0
R12=0x00007faa20e01940, R13=0x00000000000f42ea, R14=0x00007faa20cac430, R15=0x00007fff54e4f618
RIP=0x00007fff8fc0e0dd, EFLAGS=0x0000000000010202, ERR=0x0000000000000004
  TRAPNO=0x000000000000000e

Top of Stack: (sp=0x00007fff54e4f4d8)
0x00007fff54e4f4d8:   00007fff90b5ecdc 00007fff54e4f840
0x00007fff54e4f4e8:   00007fff90a50244 00007fff54e4f56c
0x00007fff54e4f4f8:   00007fff54e4f570 00007fff54e4f574
0x00007fff54e4f508:   00007fff7eb19c88 ffffffffffffffff
0x00007fff54e4f518:   00000000000007f8 00007fff7eb19ca0
0x00007fff54e4f528:   00007faa20cac430 0000000000000000
0x00007fff54e4f538:   00007fff54e4f610 0000000000000000
0x00007fff54e4f548:   00007faa21849fd0 00007fff54e4f690
0x00007fff54e4f558:   0000000000000055 00000000000f42ec
0x00007fff54e4f568:   00007faa20e71080 00007faa218480b0
0x00007fff54e4f578:   00007faa20e01940 0000000000000001
0x00007fff54e4f588:   00000000000f42ea 00007faa20e01930
0x00007fff54e4f598:   00007fff9a7a57ba 00000001218663b0
0x00007fff54e4f5a8:   00007fff7cde50d0 0000000042000000
0x00007fff54e4f5b8:   00007fff9a7ade13 00007fff7eae41d0
0x00007fff54e4f5c8:   00007fff54e4f698 0000000000000000
0x00007fff54e4f5d8:   00007fff7d10e8c8 0000000000000000
0x00007fff54e4f5e8:   0000000000000008 0003720300000001
0x00007fff54e4f5f8:   00007faa20e01964 0000000000000000
0x00007fff54e4f608:   00000000003dde01 00007faa2184a050
0x00007fff54e4f618:   00007faa20cac430 0000000000000000
0x00007fff54e4f628:   00007fff981b934c 00007fff54e4f6d0
0x00007fff54e4f638:   00007fff9545d513 00007fff54e4f6b4
0x00007fff54e4f648:   00000000003ddf01 00000000ffffffff
0x00007fff54e4f658:   00007fff7d10e8c8 00000000003ddf00
0x00007fff54e4f668:   00007fff00000000 00007fff54e4f760
0x00007fff54e4f678:   00007fff9a29bedc 00007fff7d10e8e8
0x00007fff54e4f688:   00007fff981b934c 0000000000000051
0x00007fff54e4f698:   0000000000000000 00000000000f42e1
0x00007fff54e4f6a8:   0000000000000053 0000000000000000
0x00007fff54e4f6b8:   00000000000f42ea 00007fff54e4f734
0x00007fff54e4f6c8:   00000000003dea01 00000000ffffffff 

Instructions: (pc=0x00007fff8fc0e0dd)
0x00007fff8fc0e0bd:   00 00 00 48 85 ff 2e 74 7a 40 f6 c7 01 2e 75 7e
0x00007fff8fc0e0cd:   49 bb f8 ff ff ff ff 7f 00 00 4c 23 1f 49 89 f2
0x00007fff8fc0e0dd:   45 23 53 18 49 c1 e2 04 4d 03 53 10 49 3b 32 75
0x00007fff8fc0e0ed:   04 41 ff 62 08 49 83 3a 00 74 6a 4d 3b 53 10 74 

Register to memory mapping:

RAX=0x00007faa20c6f550 is an unknown value
RBX=0x00007fff54e4f6b8 is pointing into the stack for thread: 0x00007faa23874000
RCX=0x0000000000000000 is an unknown value
RDX=0x00007faa20e71080 is an unknown value
RSP=0x00007fff54e4f4d8 is pointing into the stack for thread: 0x00007faa23874000
RBP=0x00007fff54e4f4e0 is pointing into the stack for thread: 0x00007faa23874000
RSI=0x00007fff981812b4: -[NSTitlebarContainerView shouldRoundCorners]+0x5ced6 in /System/Library/Frameworks/AppKit.framework/Versions/C/AppKit at 0x00007fff977b0000
RDI=0x00007faa20c6f550 is an unknown value
R8 =0x00007fff54e4f4c0 is pointing into the stack for thread: 0x00007faa23874000
R9 =0x0000000000000055 is an unknown value
R10=0x00007fff981812b4: -[NSTitlebarContainerView shouldRoundCorners]+0x5ced6 in /System/Library/Frameworks/AppKit.framework/Versions/C/AppKit at 0x00007fff977b0000
R11=0x000007faa20c6db0 is an unknown value
R12=0x00007faa20e01940 is an unknown value
R13=0x00000000000f42ea is an unknown value
R14=0x00007faa20cac430 is an unknown value
R15=0x00007fff54e4f618 is pointing into the stack for thread: 0x00007faa23874000


Stack: [0x00007fff54654000,0x00007fff54e54000],  sp=0x00007fff54e4f4d8,  free space=8173k
Native frames: (J=compiled Java code, j=interpreted, Vv=VM code, C=native code)
C  [libobjc.A.dylib+0x10dd]  objc_msgSend+0x1d
C  [CoreFoundation+0x10244]  _CFXNotificationPost+0xc44
C  [Foundation+0x2c31]  -[NSNotificationCenter postNotificationName:object:userInfo:]+0x42
C  [AppKit+0xdd776]  -[NSSurface _disposeSurface]+0x98
C  [AppKit+0xdd1da]  -[NSSurface setWindow:]+0x42
C  [AppKit+0x3b9ef]  -[NSView _setWindow:]+0xa22
C  [AppKit+0x3cc22]  -[NSView removeFromSuperview]+0x1c5
C  [AppKit+0x9140a]  -[NSView removeFromSuperviewWithoutNeedingDisplay]+0x26
C  [liblwjgl.dylib+0xa205]  +[MacOSXKeyableWindow destroyWindow]+0xb5
C  [Foundation+0x65cdc]  __NSThreadPerformPerform+0x125
C  [CoreFoundation+0x80681]  __CFRUNLOOP_IS_CALLING_OUT_TO_A_SOURCE0_PERFORM_FUNCTION__+0x11
C  [CoreFoundation+0x7280d]  __CFRunLoopDoSources0+0x10d
C  [CoreFoundation+0x71e3f]  __CFRunLoopRun+0x39f
C  [CoreFoundation+0x71858]  CFRunLoopRunSpecific+0x128
C  [HIToolbox+0x2eaef]  RunCurrentEventLoopInMode+0xeb
C  [HIToolbox+0x2e86a]  ReceiveNextEventCommon+0x1af
C  [HIToolbox+0x2e6ab]  _BlockUntilNextEventMatchingListInModeWithFilter+0x47
C  [AppKit+0x23f81]  _DPSNextEvent+0x3c4
C  [AppKit+0x23730]  -[NSApplication nextEventMatchingMask:untilDate:inMode:dequeue:]+0xc2
C  [libosxapp.dylib+0x242a]  -[NSApplicationAWT nextEventMatchingMask:untilDate:inMode:dequeue:]+0x7c
C  [AppKit+0x17593]  -[NSApplication run]+0x252
C  [libosxapp.dylib+0x223e]  +[NSApplicationAWT runAWTLoopWithApp:]+0x9c
C  [libawt_lwawt.dylib+0x4494f]  -[AWTStarter starter:]+0x389
C  [Foundation+0x65cdc]  __NSThreadPerformPerform+0x125
C  [CoreFoundation+0x80681]  __CFRUNLOOP_IS_CALLING_OUT_TO_A_SOURCE0_PERFORM_FUNCTION__+0x11
C  [CoreFoundation+0x7280d]  __CFRunLoopDoSources0+0x10d
C  [CoreFoundation+0x71e3f]  __CFRunLoopRun+0x39f
C  [CoreFoundation+0x71858]  CFRunLoopRunSpecific+0x128
C  [java+0x56cc]  CreateExecutionEnvironment+0x367
C  [java+0x165c]  JLI_Launch+0x7a0
C  [java+0x768a]  main+0x65
C  [java+0xeb4]  start+0x34
C  0x0000000000000006


---------------  P R O C E S S  ---------------

Java Threads: ( => current thread )
  0x00007faa21315000 JavaThread "AWT-Shutdown" [_thread_blocked, id=39455, stack(0x0000000131df9000,0x0000000131ef9000)]
=>0x00007faa23874000 JavaThread "AppKit Thread" daemon [_thread_in_native, id=1811, stack(0x00007fff54654000,0x00007fff54e54000)]
  0x00007faa2108e000 JavaThread "Service Thread" daemon [_thread_blocked, id=20739, stack(0x000000012a867000,0x000000012a967000)]
  0x00007faa2380d800 JavaThread "C1 CompilerThread3" daemon [_thread_blocked, id=20227, stack(0x000000012a764000,0x000000012a864000)]
  0x00007faa2301a800 JavaThread "C2 CompilerThread2" daemon [_thread_blocked, id=19715, stack(0x000000012a661000,0x000000012a761000)]
  0x00007faa2380c800 JavaThread "C2 CompilerThread1" daemon [_thread_blocked, id=19203, stack(0x000000012a55e000,0x000000012a65e000)]
  0x00007faa2380a800 JavaThread "C2 CompilerThread0" daemon [_thread_blocked, id=18691, stack(0x000000012a45b000,0x000000012a55b000)]
  0x00007faa23805000 JavaThread "Signal Dispatcher" daemon [_thread_blocked, id=15379, stack(0x000000012a358000,0x000000012a458000)]
  0x00007faa23803000 JavaThread "Finalizer" daemon [_thread_blocked, id=13571, stack(0x0000000128a21000,0x0000000128b21000)]
  0x00007faa23802000 JavaThread "Reference Handler" daemon [_thread_blocked, id=13059, stack(0x000000012891e000,0x0000000128a1e000)]
  0x00007faa22801000 JavaThread "main" [_thread_in_native, id=4867, stack(0x000000010aec2000,0x000000010afc2000)]

Other Threads:
  0x00007faa21031000 VMThread [stack: 0x000000012881b000,0x000000012891b000] [id=12547]
  0x00007faa23806000 WatcherThread [stack: 0x000000012a96a000,0x000000012aa6a000] [id=21251]

VM state:not at safepoint (normal execution)

VM Mutex/Monitor currently owned by a thread: None

Heap:
 PSYoungGen      total 76288K, used 18837K [0x000000076ab00000, 0x0000000770000000, 0x00000007c0000000)
  eden space 65536K, 23% used [0x000000076ab00000,0x000000076b9d9260,0x000000076eb00000)
  from space 10752K, 33% used [0x000000076f580000,0x000000076f90c588,0x0000000770000000)
  to   space 10752K, 0% used [0x000000076eb00000,0x000000076eb00000,0x000000076f580000)
 ParOldGen       total 290304K, used 250777K [0x00000006c0000000, 0x00000006d1b80000, 0x000000076ab00000)
  object space 290304K, 86% used [0x00000006c0000000,0x00000006cf4e65d0,0x00000006d1b80000)
 Metaspace       used 7413K, capacity 7561K, committed 7808K, reserved 1056768K
  class space    used 733K, capacity 791K, committed 896K, reserved 1048576K

Card table byte_map: [0x000000011c310000,0x000000011cb11000] byte_map_base: 0x0000000118d10000

Marking Bits: (ParMarkBitMap*) 0x000000010c89d390
 Begin Bits: [0x000000011d87f000, 0x000000012187f000)
 End Bits:   [0x000000012187f000, 0x000000012587f000)

Polling page: 0x000000010afd2000

CodeCache: size=245760Kb used=4088Kb max_used=4088Kb free=241671Kb
 bounds [0x000000010cf50000, 0x000000010d360000, 0x000000011bf50000]
 total_blobs=1406 nmethods=1006 adapters=315
 compilation: enabled

Compilation events (10 events):
Event: 25.263 Thread 0x00007faa2380d800 nmethod 1000 0x000000010d347110 code [0x000000010d347340, 0x000000010d347f48]
Event: 25.263 Thread 0x00007faa2380d800 1001   !   3       org.lwjgl.opengl.Display::isVisible (38 bytes)
Event: 25.264 Thread 0x00007faa2380d800 nmethod 1001 0x000000010d348450 code [0x000000010d348600, 0x000000010d348be8]
Event: 25.264 Thread 0x00007faa2380d800 1002   !   3       org.newdawn.slick.GameContainer::updateAndRender (406 bytes)
Event: 25.272 Thread 0x00007faa2380d800 nmethod 1002 0x000000010d348e50 code [0x000000010d349360, 0x000000010d34bca8]
Event: 25.295 Thread 0x00007faa2380d800 1003       3       example.playerbaby::move (100 bytes)
Event: 25.297 Thread 0x00007faa2380d800 nmethod 1003 0x000000010d34d790 code [0x000000010d34d940, 0x000000010d34de08]
Event: 25.297 Thread 0x00007faa2380d800 1004       3       java.lang.StringBuilder::<init> (18 bytes)
Event: 25.298 Thread 0x00007faa2380d800 nmethod 1004 0x000000010d34e010 code [0x000000010d34e1a0, 0x000000010d34e668]
Event: 25.800 Thread 0x00007faa2380d800 1005   !   3       java.util.zip.ZipFile::getInputStream (304 bytes)

GC Heap History (4 events):
Event: 2.965 GC heap before
{Heap before GC invocations=1 (full 0):
 PSYoungGen      total 76288K, used 59147K [0x000000076ab00000, 0x0000000770000000, 0x00000007c0000000)
  eden space 65536K, 90% used [0x000000076ab00000,0x000000076e4c2d00,0x000000076eb00000)
  from space 10752K, 0% used [0x000000076f580000,0x000000076f580000,0x0000000770000000)
  to   space 10752K, 0% used [0x000000076eb00000,0x000000076eb00000,0x000000076f580000)
 ParOldGen       total 175104K, used 136101K [0x00000006c0000000, 0x00000006cab00000, 0x000000076ab00000)
  object space 175104K, 77% used [0x00000006c0000000,0x00000006c84e97f0,0x00000006cab00000)
 Metaspace       used 7121K, capacity 7241K, committed 7552K, reserved 1056768K
  class space    used 721K, capacity 791K, committed 896K, reserved 1048576K
Event: 2.971 GC heap after
Heap after GC invocations=1 (full 0):
 PSYoungGen      total 76288K, used 8187K [0x000000076ab00000, 0x0000000770000000, 0x00000007c0000000)
  eden space 65536K, 0% used [0x000000076ab00000,0x000000076ab00000,0x000000076eb00000)
  from space 10752K, 76% used [0x000000076eb00000,0x000000076f2fee88,0x000000076f580000)
  to   space 10752K, 0% used [0x000000076f580000,0x000000076f580000,0x0000000770000000)
 ParOldGen       total 175104K, used 136117K [0x00000006c0000000, 0x00000006cab00000, 0x000000076ab00000)
  object space 175104K, 77% used [0x00000006c0000000,0x00000006c84ed7f0,0x00000006cab00000)
 Metaspace       used 7121K, capacity 7241K, committed 7552K, reserved 1056768K
  class space    used 721K, capacity 791K, committed 896K, reserved 1048576K
}
Event: 5.350 GC heap before
{Heap before GC invocations=2 (full 0):
 PSYoungGen      total 76288K, used 72981K [0x000000076ab00000, 0x0000000770000000, 0x00000007c0000000)
  eden space 65536K, 98% used [0x000000076ab00000,0x000000076ea46848,0x000000076eb00000)
  from space 10752K, 76% used [0x000000076eb00000,0x000000076f2fee88,0x000000076f580000)
  to   space 10752K, 0% used [0x000000076f580000,0x000000076f580000,0x0000000770000000)
 ParOldGen       total 290304K, used 250769K [0x00000006c0000000, 0x00000006d1b80000, 0x000000076ab00000)
  object space 290304K, 86% used [0x00000006c0000000,0x00000006cf4e45d0,0x00000006d1b80000)
 Metaspace       used 7181K, capacity 7305K, committed 7552K, reserved 1056768K
  class space    used 727K, capacity 791K, committed 896K, reserved 1048576K
Event: 5.354 GC heap after
Heap after GC invocations=2 (full 0):
 PSYoungGen      total 76288K, used 3633K [0x000000076ab00000, 0x0000000770000000, 0x00000007c0000000)
  eden space 65536K, 0% used [0x000000076ab00000,0x000000076ab00000,0x000000076eb00000)
  from space 10752K, 33% used [0x000000076f580000,0x000000076f90c588,0x0000000770000000)
  to   space 10752K, 0% used [0x000000076eb00000,0x000000076eb00000,0x000000076f580000)
 ParOldGen       total 290304K, used 250777K [0x00000006c0000000, 0x00000006d1b80000, 0x000000076ab00000)
  object space 290304K, 86% used [0x00000006c0000000,0x00000006cf4e65d0,0x00000006d1b80000)
 Metaspace       used 7181K, capacity 7305K, committed 7552K, reserved 1056768K
  class space    used 727K, capacity 791K, committed 896K, reserved 1048576K
}

Deoptimization events (8 events):
Event: 0.858 Thread 0x00007faa22801000 Uncommon trap: reason=unreached action=reinterpret pc=0x000000010d1f5568 method=com.jcraft.jorbis.Mapping0.inverse(Lcom/jcraft/jorbis/Block;Ljava/lang/Object;)I @ 824
Event: 2.662 Thread 0x00007faa22801000 Uncommon trap: reason=unloaded action=reinterpret pc=0x000000010d1ed784 method=org.newdawn.slick.openal.OggDecoder.getData(Ljava/io/InputStream;)Lorg/newdawn/slick/openal/OggData; @ 52
Event: 2.754 Thread 0x00007faa22801000 Uncommon trap: reason=unreached action=reinterpret pc=0x000000010d1ebe94 method=com.jcraft.jorbis.Block.synthesis(Lcom/jcraft/jogg/Packet;)I @ 211
Event: 2.754 Thread 0x00007faa22801000 Uncommon trap: reason=null_check action=make_not_entrant pc=0x000000010d220698 method=com.jcraft.jorbis.Floor1.inverse1(Lcom/jcraft/jorbis/Block;Ljava/lang/Object;Ljava/lang/Object;)Ljava/lang/Object; @ 38
Event: 5.303 Thread 0x00007faa22801000 Uncommon trap: reason=class_check action=maybe_recompile pc=0x000000010d209cc8 method=com.jcraft.jorbis.Mapping0.inverse(Lcom/jcraft/jorbis/Block;Ljava/lang/Object;)I @ 459
Event: 5.303 Thread 0x00007faa22801000 Uncommon trap: reason=class_check action=maybe_recompile pc=0x000000010d209cc8 method=com.jcraft.jorbis.Mapping0.inverse(Lcom/jcraft/jorbis/Block;Ljava/lang/Object;)I @ 459
Event: 5.303 Thread 0x00007faa22801000 Uncommon trap: reason=class_check action=maybe_recompile pc=0x000000010d209cc8 method=com.jcraft.jorbis.Mapping0.inverse(Lcom/jcraft/jorbis/Block;Ljava/lang/Object;)I @ 459
Event: 5.303 Thread 0x00007faa22801000 Uncommon trap: reason=class_check action=maybe_recompile pc=0x000000010d209cc8 method=com.jcraft.jorbis.Mapping0.inverse(Lcom/jcraft/jorbis/Block;Ljava/lang/Object;)I @ 459

Internal exceptions (10 events):
Event: 5.298 Thread 0x00007faa22801000 Exception <a 'java/security/PrivilegedActionException'> (0x000000076e63ba78) thrown at [/HUDSON3/workspace/8-2-build-macosx-x86_64/jdk8u25/1514/hotspot/src/share/vm/prims/jvm.cpp, line 1312]
Event: 5.482 Thread 0x00007faa22801000 Exception <a 'java/security/PrivilegedActionException'> (0x000000076ad20e78) thrown at [/HUDSON3/workspace/8-2-build-macosx-x86_64/jdk8u25/1514/hotspot/src/share/vm/prims/jvm.cpp, line 1312]
Event: 5.482 Thread 0x00007faa22801000 Exception <a 'java/security/PrivilegedActionException'> (0x000000076ad23ea8) thrown at [/HUDSON3/workspace/8-2-build-macosx-x86_64/jdk8u25/1514/hotspot/src/share/vm/prims/jvm.cpp, line 1312]
Event: 5.483 Thread 0x00007faa22801000 Exception <a 'java/security/PrivilegedActionException'> (0x000000076ad26c48) thrown at [/HUDSON3/workspace/8-2-build-macosx-x86_64/jdk8u25/1514/hotspot/src/share/vm/prims/jvm.cpp, line 1312]
Event: 5.487 Thread 0x00007faa22801000 Exception <a 'java/security/PrivilegedActionException'> (0x000000076ad353b0) thrown at [/HUDSON3/workspace/8-2-build-macosx-x86_64/jdk8u25/1514/hotspot/src/share/vm/prims/jvm.cpp, line 1312]
Event: 5.489 Thread 0x00007faa22801000 Exception <a 'java/security/PrivilegedActionException'> (0x000000076ad40930) thrown at [/HUDSON3/workspace/8-2-build-macosx-x86_64/jdk8u25/1514/hotspot/src/share/vm/prims/jvm.cpp, line 1312]
Event: 8.829 Thread 0x00007faa22801000 Exception <a 'java/security/PrivilegedActionException'> (0x000000076b938940) thrown at [/HUDSON3/workspace/8-2-build-macosx-x86_64/jdk8u25/1514/hotspot/src/share/vm/prims/jvm.cpp, line 1312]
Event: 8.833 Thread 0x00007faa22801000 Exception <a 'java/security/PrivilegedActionException'> (0x000000076b93d6f8) thrown at [/HUDSON3/workspace/8-2-build-macosx-x86_64/jdk8u25/1514/hotspot/src/share/vm/prims/jvm.cpp, line 1312]
Event: 8.835 Thread 0x00007faa22801000 Exception <a 'java/security/PrivilegedActionException'> (0x000000076b9423a8) thrown at [/HUDSON3/workspace/8-2-build-macosx-x86_64/jdk8u25/1514/hotspot/src/share/vm/prims/jvm.cpp, line 1312]
Event: 25.799 Thread 0x00007faa22801000 Exception <a 'java/security/PrivilegedActionException'> (0x000000076b97a468) thrown at [/HUDSON3/workspace/8-2-build-macosx-x86_64/jdk8u25/1514/hotspot/src/share/vm/prims/jvm.cpp, line 1312]

Events (10 events):
Event: 8.829 loading class org/newdawn/slick/AngelCodeFont$DisplayList done
Event: 8.833 loading class org/lwjgl/opengl/Sync
Event: 8.833 loading class org/lwjgl/opengl/Sync done
Event: 8.834 loading class org/lwjgl/opengl/Sync$RunningAvg
Event: 8.834 loading class org/lwjgl/opengl/Sync$RunningAvg done
Event: 9.342 Thread 0x00007faa21315000 Thread added: 0x00007faa21315000
Event: 19.567 Thread 0x00007faa22801000 DEOPT PACKING pc=0x000000010d2d9233 sp=0x000000010afc1600
Event: 19.567 Thread 0x00007faa22801000 DEOPT UNPACKING pc=0x000000010cf97373 sp=0x000000010afc1430 mode 0
Event: 25.799 loading class org/lwjgl/opengl/CallbackUtil
Event: 25.799 loading class org/lwjgl/opengl/CallbackUtil done


Dynamic libraries:
0x000000000c888000 	/System/Library/Frameworks/Cocoa.framework/Versions/A/Cocoa
0x000000000c888000 	/System/Library/Frameworks/Security.framework/Versions/A/Security
0x000000000c888000 	/System/Library/Frameworks/ApplicationServices.framework/Versions/A/ApplicationServices
0x000000000c888000 	/usr/lib/libz.1.dylib
0x000000000c888000 	/usr/lib/libSystem.B.dylib
0x000000000c888000 	/usr/lib/libobjc.A.dylib
0x000000000c888000 	/System/Library/Frameworks/CoreFoundation.framework/Versions/A/CoreFoundation
0x000000000c888000 	/System/Library/Frameworks/Foundation.framework/Versions/C/Foundation
0x000000000c888000 	/System/Library/Frameworks/AppKit.framework/Versions/C/AppKit
0x000000000c888000 	/System/Library/Frameworks/CoreData.framework/Versions/A/CoreData
0x000000000c888000 	/System/Library/PrivateFrameworks/RemoteViewServices.framework/Versions/A/RemoteViewServices
0x000000000c888000 	/System/Library/PrivateFrameworks/UIFoundation.framework/Versions/A/UIFoundation
0x000000000c888000 	/System/Library/Frameworks/IOSurface.framework/Versions/A/IOSurface
0x000000000c888000 	/System/Library/Frameworks/AudioToolbox.framework/Versions/A/AudioToolbox
0x000000000c888000 	/System/Library/Frameworks/AudioUnit.framework/Versions/A/AudioUnit
0x000000000c888000 	/System/Library/PrivateFrameworks/DataDetectorsCore.framework/Versions/A/DataDetectorsCore
0x000000000c888000 	/System/Library/PrivateFrameworks/DesktopServicesPriv.framework/Versions/A/DesktopServicesPriv
0x000000000c888000 	/System/Library/Frameworks/Carbon.framework/Versions/A/Frameworks/HIToolbox.framework/Versions/A/HIToolbox
0x000000000c888000 	/System/Library/Frameworks/QuartzCore.framework/Versions/A/QuartzCore
0x000000000c888000 	/System/Library/Frameworks/Carbon.framework/Versions/A/Frameworks/SpeechRecognition.framework/Versions/A/SpeechRecognition
0x000000000c888000 	/usr/lib/libauto.dylib
0x000000000c888000 	/usr/lib/libicucore.A.dylib
0x000000000c888000 	/usr/lib/libxml2.2.dylib
0x000000000c888000 	/System/Library/PrivateFrameworks/CoreUI.framework/Versions/A/CoreUI
0x000000000c888000 	/System/Library/Frameworks/CoreAudio.framework/Versions/A/CoreAudio
0x000000000c888000 	/System/Library/Frameworks/DiskArbitration.framework/Versions/A/DiskArbitration
0x000000000c888000 	/usr/lib/liblangid.dylib
0x000000000c888000 	/System/Library/PrivateFrameworks/MultitouchSupport.framework/Versions/A/MultitouchSupport
0x000000000c888000 	/System/Library/Frameworks/IOKit.framework/Versions/A/IOKit
0x000000000c888000 	/usr/lib/libDiagnosticMessagesClient.dylib
0x000000000c888000 	/System/Library/Frameworks/CoreServices.framework/Versions/A/CoreServices
0x000000000c888000 	/System/Library/PrivateFrameworks/PerformanceAnalysis.framework/Versions/A/PerformanceAnalysis
0x000000000c888000 	/System/Library/PrivateFrameworks/GenerationalStorage.framework/Versions/A/GenerationalStorage
0x000000000c888000 	/System/Library/Frameworks/OpenGL.framework/Versions/A/OpenGL
0x000000000c888000 	/System/Library/PrivateFrameworks/Sharing.framework/Versions/A/Sharing
0x000000000c888000 	/System/Library/Frameworks/CoreGraphics.framework/Versions/A/CoreGraphics
0x000000000c888000 	/System/Library/Frameworks/CoreText.framework/Versions/A/CoreText
0x000000000c888000 	/System/Library/Frameworks/ImageIO.framework/Versions/A/ImageIO
0x000000000c888000 	/usr/lib/libextension.dylib
0x000000000c888000 	/System/Library/PrivateFrameworks/Backup.framework/Versions/A/Backup
0x000000000c888000 	/usr/lib/libarchive.2.dylib
0x000000000c888000 	/System/Library/Frameworks/CFNetwork.framework/Versions/A/CFNetwork
0x000000000c888000 	/System/Library/Frameworks/SystemConfiguration.framework/Versions/A/SystemConfiguration
0x000000000c888000 	/usr/lib/libCRFSuite.dylib
0x000000000c888000 	/usr/lib/libc++.1.dylib
0x000000000c888000 	/usr/lib/libc++abi.dylib
0x000000000c888000 	/usr/lib/system/libcache.dylib
0x000000000c888000 	/usr/lib/system/libcommonCrypto.dylib
0x000000000c888000 	/usr/lib/system/libcompiler_rt.dylib
0x000000000c888000 	/usr/lib/system/libcopyfile.dylib
0x000000000c888000 	/usr/lib/system/libcorecrypto.dylib
0x000000000c888000 	/usr/lib/system/libdispatch.dylib
0x000000000c888000 	/usr/lib/system/libdyld.dylib
0x000000000c888000 	/usr/lib/system/libkeymgr.dylib
0x000000000c888000 	/usr/lib/system/liblaunch.dylib
0x000000000c888000 	/usr/lib/system/libmacho.dylib
0x000000000c888000 	/usr/lib/system/libquarantine.dylib
0x000000000c888000 	/usr/lib/system/libremovefile.dylib
0x000000000c888000 	/usr/lib/system/libsystem_asl.dylib
0x000000000c888000 	/usr/lib/system/libsystem_blocks.dylib
0x000000000c888000 	/usr/lib/system/libsystem_c.dylib
0x000000000c888000 	/usr/lib/system/libsystem_configuration.dylib
0x000000000c888000 	/usr/lib/system/libsystem_coreservices.dylib
0x000000000c888000 	/usr/lib/system/libsystem_coretls.dylib
0x000000000c888000 	/usr/lib/system/libsystem_dnssd.dylib
0x000000000c888000 	/usr/lib/system/libsystem_info.dylib
0x000000000c888000 	/usr/lib/system/libsystem_kernel.dylib
0x000000000c888000 	/usr/lib/system/libsystem_m.dylib
0x000000000c888000 	/usr/lib/system/libsystem_malloc.dylib
0x000000000c888000 	/usr/lib/system/libsystem_network.dylib
0x000000000c888000 	/usr/lib/system/libsystem_networkextension.dylib
0x000000000c888000 	/usr/lib/system/libsystem_notify.dylib
0x000000000c888000 	/usr/lib/system/libsystem_platform.dylib
0x000000000c888000 	/usr/lib/system/libsystem_pthread.dylib
0x000000000c888000 	/usr/lib/system/libsystem_sandbox.dylib
0x000000000c888000 	/usr/lib/system/libsystem_secinit.dylib
0x000000000c888000 	/usr/lib/system/libsystem_stats.dylib
0x000000000c888000 	/usr/lib/system/libsystem_trace.dylib
0x000000000c888000 	/usr/lib/system/libunc.dylib
0x000000000c888000 	/usr/lib/system/libunwind.dylib
0x000000000c888000 	/usr/lib/system/libxpc.dylib
0x000000000c888000 	/usr/lib/libbz2.1.0.dylib
0x000000000c888000 	/usr/lib/liblzma.5.dylib
0x000000000c888000 	/usr/lib/libbsm.0.dylib
0x000000000c888000 	/usr/lib/libsqlite3.dylib
0x000000000c888000 	/usr/lib/system/libkxld.dylib
0x000000000c888000 	/usr/lib/libxar.1.dylib
0x000000000c888000 	/usr/lib/libpam.2.dylib
0x000000000c888000 	/usr/lib/libOpenScriptingUtil.dylib
0x000000000c888000 	/System/Library/Frameworks/CoreServices.framework/Versions/A/Frameworks/FSEvents.framework/Versions/A/FSEvents
0x000000000c888000 	/System/Library/Frameworks/CoreServices.framework/Versions/A/Frameworks/CarbonCore.framework/Versions/A/CarbonCore
0x000000000c888000 	/System/Library/Frameworks/CoreServices.framework/Versions/A/Frameworks/Metadata.framework/Versions/A/Metadata
0x000000000c888000 	/System/Library/Frameworks/CoreServices.framework/Versions/A/Frameworks/OSServices.framework/Versions/A/OSServices
0x000000000c888000 	/System/Library/Frameworks/CoreServices.framework/Versions/A/Frameworks/SearchKit.framework/Versions/A/SearchKit
0x000000000c888000 	/System/Library/Frameworks/CoreServices.framework/Versions/A/Frameworks/AE.framework/Versions/A/AE
0x000000000c888000 	/System/Library/Frameworks/CoreServices.framework/Versions/A/Frameworks/LaunchServices.framework/Versions/A/LaunchServices
0x000000000c888000 	/System/Library/Frameworks/CoreServices.framework/Versions/A/Frameworks/DictionaryServices.framework/Versions/A/DictionaryServices
0x000000000c888000 	/System/Library/Frameworks/NetFS.framework/Versions/A/NetFS
0x000000000c888000 	/System/Library/PrivateFrameworks/NetAuth.framework/Versions/A/NetAuth
0x000000000c888000 	/System/Library/PrivateFrameworks/login.framework/Versions/A/Frameworks/loginsupport.framework/Versions/A/loginsupport
0x000000000c888000 	/System/Library/PrivateFrameworks/TCC.framework/Versions/A/TCC
0x000000000c888000 	/usr/lib/libmecabra.dylib
0x000000000c888000 	/System/Library/Frameworks/ApplicationServices.framework/Versions/A/Frameworks/ATS.framework/Versions/A/ATS
0x000000000c888000 	/System/Library/Frameworks/ApplicationServices.framework/Versions/A/Frameworks/ColorSync.framework/Versions/A/ColorSync
0x000000000c888000 	/System/Library/Frameworks/ApplicationServices.framework/Versions/A/Frameworks/HIServices.framework/Versions/A/HIServices
0x000000000c888000 	/System/Library/Frameworks/ApplicationServices.framework/Versions/A/Frameworks/LangAnalysis.framework/Versions/A/LangAnalysis
0x000000000c888000 	/System/Library/Frameworks/ApplicationServices.framework/Versions/A/Frameworks/PrintCore.framework/Versions/A/PrintCore
0x000000000c888000 	/System/Library/Frameworks/ApplicationServices.framework/Versions/A/Frameworks/QD.framework/Versions/A/QD
0x000000000c888000 	/System/Library/Frameworks/ApplicationServices.framework/Versions/A/Frameworks/SpeechSynthesis.framework/Versions/A/SpeechSynthesis
0x000000000c888000 	/System/Library/Frameworks/Accelerate.framework/Versions/A/Accelerate
0x000000000c888000 	/System/Library/Frameworks/Accelerate.framework/Versions/A/Frameworks/vImage.framework/Versions/A/vImage
0x000000000c888000 	/System/Library/Frameworks/Accelerate.framework/Versions/A/Frameworks/vecLib.framework/Versions/A/vecLib
0x000000000c888000 	/System/Library/Frameworks/Accelerate.framework/Versions/A/Frameworks/vecLib.framework/Versions/A/libvDSP.dylib
0x000000000c888000 	/System/Library/Frameworks/Accelerate.framework/Versions/A/Frameworks/vecLib.framework/Versions/A/libvMisc.dylib
0x000000000c888000 	/System/Library/Frameworks/Accelerate.framework/Versions/A/Frameworks/vecLib.framework/Versions/A/libLAPACK.dylib
0x000000000c888000 	/System/Library/Frameworks/Accelerate.framework/Versions/A/Frameworks/vecLib.framework/Versions/A/libBLAS.dylib
0x000000000c888000 	/System/Library/Frameworks/Accelerate.framework/Versions/A/Frameworks/vecLib.framework/Versions/A/libLinearAlgebra.dylib
0x000000000c888000 	/System/Library/Frameworks/ApplicationServices.framework/Versions/A/Frameworks/ATS.framework/Versions/A/Resources/libFontParser.dylib
0x000000000c888000 	/System/Library/Frameworks/ApplicationServices.framework/Versions/A/Frameworks/ATS.framework/Versions/A/Resources/libFontRegistry.dylib
0x000000000c888000 	/System/Library/PrivateFrameworks/AppleVPA.framework/Versions/A/AppleVPA
0x000000000c888000 	/System/Library/PrivateFrameworks/AppleJPEG.framework/Versions/A/AppleJPEG
0x000000000c888000 	/System/Library/Frameworks/ImageIO.framework/Versions/A/Resources/libJPEG.dylib
0x000000000c888000 	/System/Library/Frameworks/ImageIO.framework/Versions/A/Resources/libTIFF.dylib
0x000000000c888000 	/System/Library/Frameworks/ImageIO.framework/Versions/A/Resources/libPng.dylib
0x000000000c888000 	/System/Library/Frameworks/ImageIO.framework/Versions/A/Resources/libGIF.dylib
0x000000000c888000 	/System/Library/Frameworks/ImageIO.framework/Versions/A/Resources/libJP2.dylib
0x000000000c888000 	/System/Library/Frameworks/ImageIO.framework/Versions/A/Resources/libRadiance.dylib
0x000000000c888000 	/System/Library/Frameworks/CoreVideo.framework/Versions/A/CoreVideo
0x000000000c888000 	/System/Library/Frameworks/OpenGL.framework/Versions/A/Libraries/libGLU.dylib
0x000000000c888000 	/System/Library/Frameworks/OpenGL.framework/Versions/A/Libraries/libGFXShared.dylib
0x000000000c888000 	/System/Library/Frameworks/OpenGL.framework/Versions/A/Libraries/libGL.dylib
0x000000000c888000 	/System/Library/Frameworks/OpenGL.framework/Versions/A/Libraries/libGLImage.dylib
0x000000000c888000 	/System/Library/Frameworks/OpenGL.framework/Versions/A/Libraries/libCVMSPluginSupport.dylib
0x000000000c888000 	/System/Library/Frameworks/OpenGL.framework/Versions/A/Libraries/libCoreVMClient.dylib
0x000000000c888000 	/usr/lib/libcups.2.dylib
0x000000000c888000 	/System/Library/Frameworks/Kerberos.framework/Versions/A/Kerberos
0x000000000c888000 	/System/Library/Frameworks/GSS.framework/Versions/A/GSS
0x000000000c888000 	/usr/lib/libresolv.9.dylib
0x000000000c888000 	/usr/lib/libiconv.2.dylib
0x000000000c888000 	/System/Library/PrivateFrameworks/Heimdal.framework/Versions/A/Heimdal
0x000000000c888000 	/usr/lib/libheimdal-asn1.dylib
0x000000000c888000 	/System/Library/Frameworks/OpenDirectory.framework/Versions/A/OpenDirectory
0x000000000c888000 	/System/Library/PrivateFrameworks/CommonAuth.framework/Versions/A/CommonAuth
0x000000000c888000 	/System/Library/Frameworks/OpenDirectory.framework/Versions/A/Frameworks/CFOpenDirectory.framework/Versions/A/CFOpenDirectory
0x000000000c888000 	/System/Library/Frameworks/SecurityFoundation.framework/Versions/A/SecurityFoundation
0x000000000c888000 	/System/Library/PrivateFrameworks/LanguageModeling.framework/Versions/A/LanguageModeling
0x000000000c888000 	/usr/lib/libcmph.dylib
0x000000000c888000 	/System/Library/Frameworks/ServiceManagement.framework/Versions/A/ServiceManagement
0x000000000c888000 	/usr/lib/libxslt.1.dylib
0x000000000c888000 	/System/Library/Frameworks/Carbon.framework/Versions/A/Frameworks/Ink.framework/Versions/A/Ink
0x000000000c888000 	/System/Library/Frameworks/QuartzCore.framework/Versions/A/Frameworks/CoreImage.framework/Versions/A/CoreImage
0x000000000c888000 	/System/Library/PrivateFrameworks/CrashReporterSupport.framework/Versions/A/CrashReporterSupport
0x000000000c888000 	/System/Library/Frameworks/OpenCL.framework/Versions/A/OpenCL
0x000000000c888000 	/System/Library/PrivateFrameworks/FaceCore.framework/Versions/A/FaceCore
0x000000000c888000 	/System/Library/PrivateFrameworks/Ubiquity.framework/Versions/A/Ubiquity
0x000000000c888000 	/System/Library/PrivateFrameworks/IconServices.framework/Versions/A/IconServices
0x000000000c888000 	/System/Library/PrivateFrameworks/ChunkingLibrary.framework/Versions/A/ChunkingLibrary
0x000000000c888000 	/System/Library/PrivateFrameworks/Apple80211.framework/Versions/A/Apple80211
0x000000000c888000 	/System/Library/Frameworks/CoreWLAN.framework/Versions/A/CoreWLAN
0x000000000c888000 	/System/Library/Frameworks/IOBluetooth.framework/Versions/A/IOBluetooth
0x000000000c888000 	/System/Library/PrivateFrameworks/CoreWiFi.framework/Versions/A/CoreWiFi
0x000000000c888000 	/System/Library/Frameworks/CoreBluetooth.framework/Versions/A/CoreBluetooth
0x000000000c888000 	/System/Library/PrivateFrameworks/DebugSymbols.framework/Versions/A/DebugSymbols
0x000000000c888000 	/System/Library/PrivateFrameworks/CoreSymbolication.framework/Versions/A/CoreSymbolication
0x000000000c888000 	/System/Library/PrivateFrameworks/Symbolication.framework/Versions/A/Symbolication
0x000000000c888000 	/System/Library/PrivateFrameworks/SpeechRecognitionCore.framework/Versions/A/SpeechRecognitionCore
0x000000010c000000 	/Library/Java/JavaVirtualMachines/jdk1.8.0_25.jdk/Contents/Home/jre/lib/server/libjvm.dylib
0x000000000c888000 	/usr/lib/libstdc++.6.dylib
0x000000010afc4000 	/Library/Java/JavaVirtualMachines/jdk1.8.0_25.jdk/Contents/Home/jre/lib/libverify.dylib
0x000000010cf1c000 	/Library/Java/JavaVirtualMachines/jdk1.8.0_25.jdk/Contents/Home/jre/lib/libjava.dylib
0x000000010afdc000 	/Library/Java/JavaVirtualMachines/jdk1.8.0_25.jdk/Contents/Home/jre/lib/libzip.dylib
0x000000010afe6000 	/System/Library/Frameworks/JavaVM.framework/Frameworks/JavaRuntimeSupport.framework/JavaRuntimeSupport
0x0000000128b23000 	/System/Library/Frameworks/JavaVM.framework/Versions/A/Frameworks/JavaNativeFoundation.framework/Versions/A/JavaNativeFoundation
0x0000000128b38000 	/System/Library/Frameworks/JavaVM.framework/Versions/A/JavaVM
0x000000000c888000 	/System/Library/Frameworks/Carbon.framework/Versions/A/Carbon
0x0000000128b45000 	/System/Library/PrivateFrameworks/JavaLaunching.framework/Versions/A/JavaLaunching
0x000000000c888000 	/System/Library/Frameworks/Carbon.framework/Versions/A/Frameworks/CommonPanels.framework/Versions/A/CommonPanels
0x000000000c888000 	/System/Library/Frameworks/Carbon.framework/Versions/A/Frameworks/Help.framework/Versions/A/Help
0x000000000c888000 	/System/Library/Frameworks/Carbon.framework/Versions/A/Frameworks/ImageCapture.framework/Versions/A/ImageCapture
0x000000000c888000 	/System/Library/Frameworks/Carbon.framework/Versions/A/Frameworks/OpenScripting.framework/Versions/A/OpenScripting
0x000000000c888000 	/System/Library/Frameworks/Carbon.framework/Versions/A/Frameworks/Print.framework/Versions/A/Print
0x000000000c888000 	/System/Library/Frameworks/Carbon.framework/Versions/A/Frameworks/SecurityHI.framework/Versions/A/SecurityHI
0x000000012aad0000 	/Library/Java/JavaVirtualMachines/jdk1.8.0_25.jdk/Contents/Home/jre/lib/libawt.dylib
0x000000012ab7f000 	/Library/Java/JavaVirtualMachines/jdk1.8.0_25.jdk/Contents/Home/jre/lib/./libmlib_image.dylib
0x000000012ac4b000 	/Library/Java/JavaVirtualMachines/jdk1.8.0_25.jdk/Contents/Home/jre/lib/libawt_lwawt.dylib
0x000000012acfe000 	/Library/Java/JavaVirtualMachines/jdk1.8.0_25.jdk/Contents/Home/jre/lib/./libosxapp.dylib
0x000000000c888000 	/System/Library/Frameworks/ExceptionHandling.framework/Versions/A/ExceptionHandling
0x000000000c888000 	/System/Library/PrivateFrameworks/CoreServicesInternal.framework/Versions/A/CoreServicesInternal
0x000000000c888000 	/System/Library/PrivateFrameworks/CloudDocs.framework/Versions/A/CloudDocs
0x000000000c888000 	/System/Library/PrivateFrameworks/CoreDuet.framework/Versions/A/CoreDuet
0x000000000c888000 	/System/Library/Frameworks/CloudKit.framework/Versions/A/CloudKit
0x000000000c888000 	/System/Library/PrivateFrameworks/ProtocolBuffer.framework/Versions/A/ProtocolBuffer
0x000000000c888000 	/System/Library/PrivateFrameworks/CoreDuetDaemonProtocol.framework/Versions/A/CoreDuetDaemonProtocol
0x000000000c888000 	/System/Library/PrivateFrameworks/CoreDuetDebugLogging.framework/Versions/A/CoreDuetDebugLogging
0x000000000c888000 	/System/Library/Frameworks/CoreLocation.framework/Versions/A/CoreLocation
0x000000000c888000 	/System/Library/Frameworks/Accounts.framework/Versions/A/Accounts
0x000000000c888000 	/System/Library/PrivateFrameworks/ApplePushService.framework/Versions/A/ApplePushService
0x000000000c888000 	/System/Library/PrivateFrameworks/GeoServices.framework/Versions/A/GeoServices
0x000000000c888000 	/System/Library/PrivateFrameworks/OAuth.framework/Versions/A/OAuth
0x000000000c888000 	/System/Library/PrivateFrameworks/CoreDaemon.framework/Versions/B/CoreDaemon
0x000000000c888000 	/usr/lib/libcrypto.0.9.8.dylib
0x000000000c888000 	/System/Library/PrivateFrameworks/AppleSRP.framework/Versions/A/AppleSRP
0x000000000c888000 	/System/Library/PrivateFrameworks/TrustEvaluationAgent.framework/Versions/A/TrustEvaluationAgent
0x000000000c888000 	/System/Library/Frameworks/CoreGraphics.framework/Versions/A/Resources/libCGCMS.A.dylib
0x000000000c888000 	/System/Library/Frameworks/CoreGraphics.framework/Versions/A/Resources/libRIP.A.dylib
0x000000000c888000 	/System/Library/Frameworks/CoreGraphics.framework/Versions/A/Resources/libCGXType.A.dylib
0x000000000c888000 	/System/Library/Frameworks/OpenCL.framework/Versions/A/Libraries/libcldcpuengine.dylib
0x000000000c888000 	/System/Library/PrivateFrameworks/DiskImages.framework/Versions/A/DiskImages
0x000000000c888000 	/System/Library/Frameworks/DiscRecording.framework/Versions/A/DiscRecording
0x000000000c888000 	/usr/lib/libcsfde.dylib
0x000000000c888000 	/usr/lib/libcurl.4.dylib
0x000000000c888000 	/System/Library/PrivateFrameworks/MediaKit.framework/Versions/A/MediaKit
0x000000000c888000 	/System/Library/PrivateFrameworks/ProtectedCloudStorage.framework/Versions/A/ProtectedCloudStorage
0x000000000c888000 	/usr/lib/libCoreStorage.dylib
0x000000000c888000 	/System/Library/PrivateFrameworks/EFILogin.framework/Versions/A/EFILogin
0x000000000c888000 	/usr/lib/libutil.dylib
0x000000000c888000 	/System/Library/PrivateFrameworks/FindMyDevice.framework/Versions/A/FindMyDevice
0x000000000c888000 	/System/Library/Frameworks/LDAP.framework/Versions/A/LDAP
0x000000000c888000 	/usr/lib/libsasl2.2.dylib
0x000000012dc41000 	cl_kernels
0x000000012dc43000 	/System/Library/Frameworks/OpenCL.framework/Versions/A/Libraries/ImageFormats/unorm8_bgra.dylib
0x000000012dc33000 	cl_kernels
0x000000000c888000 	/System/Library/PrivateFrameworks/FamilyControls.framework/Versions/A/FamilyControls
0x000000000c888000 	/System/Library/PrivateFrameworks/CommerceKit.framework/Versions/A/Frameworks/CommerceCore.framework/Versions/A/CommerceCore
0x000000000c888000 	/System/Library/PrivateFrameworks/SystemAdministration.framework/Versions/A/SystemAdministration
0x000000000c888000 	/System/Library/PrivateFrameworks/AppContainer.framework/Versions/A/AppContainer
0x000000000c888000 	/System/Library/PrivateFrameworks/SecCodeWrapper.framework/Versions/A/SecCodeWrapper
0x000000000c888000 	/System/Library/Frameworks/DirectoryService.framework/Versions/A/DirectoryService
0x000000000c888000 	/System/Library/PrivateFrameworks/LoginUIKit.framework/Versions/A/Frameworks/LoginUICore.framework/Versions/A/LoginUICore
0x000000000c888000 	/usr/lib/libodfde.dylib
0x000000012f0ee000 	/Library/Java/JavaVirtualMachines/jdk1.8.0_25.jdk/Contents/Home/jre/lib/libfontmanager.dylib
0x000000012f155000 	/Users/fredrikjohansen/Documents/OOSE15/native/macosx/liblwjgl.dylib
0x000000012d0a5000 	/Library/Java/JavaVirtualMachines/jdk1.8.0_25.jdk/Contents/Home/jre/lib/libjawt.dylib
0x000000000c888000 	/System/Library/Frameworks/OpenGL.framework/Versions/A/Resources/GLEngine.bundle/GLEngine
0x000000000c888000 	/System/Library/Frameworks/OpenGL.framework/Versions/A/Libraries/libGLProgrammability.dylib
0x0000000000000000 	/System/Library/Extensions/AppleIntelHD5000GraphicsGLDriver.bundle/Contents/MacOS/AppleIntelHD5000GraphicsGLDriver
0x000000000c888000 	/System/Library/PrivateFrameworks/IOAccelerator.framework/Versions/A/IOAccelerator
0x000000000c888000 	/System/Library/PrivateFrameworks/GPUSupport.framework/Versions/A/Libraries/libGPUSupportMercury.dylib
0x000000000c888000 	/System/Library/Frameworks/OpenGL.framework/Versions/A/Resources/GLRendererFloat.bundle/GLRendererFloat
0x0000000130163000 	/Users/fredrikjohansen/Documents/OOSE15/native/macosx/libjinput-osx.dylib
0x0000000130168000 	/System/Library/Extensions/IOHIDFamily.kext/Contents/PlugIns/IOHIDLib.plugin/Contents/MacOS/IOHIDLib
0x0000000130196000 	/Users/fredrikjohansen/Documents/OOSE15/native/macosx/openal.dylib
0x000000013021a000 	/System/Library/Components/CoreAudio.component/Contents/MacOS/CoreAudio
0x00000001304ef000 	/System/Library/Extensions/AppleHDA.kext/Contents/PlugIns/AppleHDAHALPlugIn.bundle/Contents/MacOS/AppleHDAHALPlugIn

VM Arguments:
jvm_args: -Djava.library.path=/Users/fredrikjohansen/Documents/OOSE15/native/macosx -Dfile.encoding=UTF-8 
java_command: example.SimpleSlickGame
java_class_path (initial): /Users/fredrikjohansen/Documents/OOSE15/bin:/Users/fredrikjohansen/Documents/OOSE15/lib/ibxm.jar:/Users/fredrikjohansen/Documents/OOSE15/lib/jinput.jar:/Users/fredrikjohansen/Documents/OOSE15/lib/jogg-0.0.7.jar:/Users/fredrikjohansen/Documents/OOSE15/lib/jorbis-0.0.15.jar:/Users/fredrikjohansen/Documents/OOSE15/lib/lwjgl_util.jar:/Users/fredrikjohansen/Documents/OOSE15/lib/lwjgl.jar:/Users/fredrikjohansen/Documents/OOSE15/lib/slick-examples.jar:/Users/fredrikjohansen/Documents/OOSE15/lib/slick.jar:/Users/fredrikjohansen/Documents/OOSE15/lib/tinylinepp.jar
Launcher Type: SUN_STANDARD

Environment Variables:
PATH=/usr/bin:/bin:/usr/sbin:/sbin
SHELL=/bin/bash
DISPLAY=/private/tmp/com.apple.launchd.RHKL60DxwW/org.macosforge.xquartz:0

Signal Handlers:
SIGSEGV: [libjvm.dylib+0x579dc7], sa_mask[0]=11111111011111110111111111111111, sa_flags=SA_ONSTACK|SA_RESTART|SA_SIGINFO
SIGBUS: [libjvm.dylib+0x579dc7], sa_mask[0]=11111111011111110111111111111111, sa_flags=SA_RESTART|SA_SIGINFO
SIGFPE: [libjvm.dylib+0x45b030], sa_mask[0]=11111111011111110111111111111111, sa_flags=SA_RESTART|SA_SIGINFO
SIGPIPE: [libjvm.dylib+0x45b030], sa_mask[0]=11111111011111110111111111111111, sa_flags=SA_RESTART|SA_SIGINFO
SIGXFSZ: [libjvm.dylib+0x45b030], sa_mask[0]=11111111011111110111111111111111, sa_flags=SA_RESTART|SA_SIGINFO
SIGILL: [libjvm.dylib+0x45b030], sa_mask[0]=11111111011111110111111111111111, sa_flags=SA_RESTART|SA_SIGINFO
SIGUSR1: SIG_DFL, sa_mask[0]=00000000000000000000000000000000, sa_flags=none
SIGUSR2: [libjvm.dylib+0x45ab4e], sa_mask[0]=00100000000000000000000000000000, sa_flags=SA_RESTART|SA_SIGINFO
SIGHUP: [libjvm.dylib+0x459121], sa_mask[0]=11111111011111110111111111111111, sa_flags=SA_RESTART|SA_SIGINFO
SIGINT: [libjvm.dylib+0x459121], sa_mask[0]=11111111011111110111111111111111, sa_flags=SA_RESTART|SA_SIGINFO
SIGTERM: [libjvm.dylib+0x459121], sa_mask[0]=11111111011111110111111111111111, sa_flags=SA_RESTART|SA_SIGINFO
SIGQUIT: [libjvm.dylib+0x459121], sa_mask[0]=11111111011111110111111111111111, sa_flags=SA_RESTART|SA_SIGINFO


---------------  S Y S T E M  ---------------

OS:Bsduname:Darwin 14.1.0 Darwin Kernel Version 14.1.0: Mon Dec 22 23:10:38 PST 2014; root:xnu-2782.10.72~2/RELEASE_X86_64 x86_64
rlimit: STACK 8192k, CORE 0k, NPROC 709, NOFILE 10240, AS infinity
load average:2.00 2.15 2.31

CPU:total 8 (4 cores per cpu, 2 threads per core) family 6 model 70 stepping 1, cmov, cx8, fxsr, mmx, sse, sse2, sse3, ssse3, sse4.1, sse4.2, popcnt, avx, avx2, aes, clmul, erms, lzcnt, ht, tsc, tscinvbit, bmi1, bmi2

Memory: 4k page, physical 16777216k(591780k free)

/proc/meminfo:


vm_info: Java HotSpot(TM) 64-Bit Server VM (25.25-b02) for bsd-amd64 JRE (1.8.0_25-b17), built on Sep 17 2014 16:56:50 by "java_re" with gcc 4.2.1 (Based on Apple Inc. build 5658) (LLVM build 2336.11.00)

time: Fri May  8 15:52:27 2015
elapsed time: 25 seconds (0d 0h 0m 25s)

