#
# A fatal error has been detected by the Java Runtime Environment:
#
#  SIGSEGV (0xb) at pc=0x00007fff918118f2, pid=12277, tid=1811
#
# JRE version: Java(TM) SE Runtime Environment (8.0_25-b17) (build 1.8.0_25-b17)
# Java VM: Java HotSpot(TM) 64-Bit Server VM (25.25-b02 mixed mode bsd-amd64 compressed oops)
# Problematic frame:
# C  [libGPUSupportMercury.dylib+0xb8f2]  gldAttachDrawable+0x60
#
# Failed to write core dump. Core dumps have been disabled. To enable core dumping, try "ulimit -c unlimited" before starting Java again
#
# If you would like to submit a bug report, please visit:
#   http://bugreport.sun.com/bugreport/crash.jsp
# The crash happened outside the Java Virtual Machine in native code.
# See problematic frame for where to report the bug.
#

---------------  T H R E A D  ---------------

Current thread (0x00007f8d44873000):  JavaThread "AppKit Thread" daemon [_thread_in_native, id=1811, stack(0x00007fff5c674000,0x00007fff5ce74000)]

siginfo: si_signo: 11 (SIGSEGV), si_code: 0 (unknown), si_addr: 0x0000000000000000

Registers:
RAX=0x3000000000000000, RBX=0x000000000000271e, RCX=0x0000000000000000, RDX=0x00007f8d4412f588
RSP=0x00007fff5ce6d690, RBP=0x00007fff5ce6d790, RSI=0x0000000000000050, RDI=0x00007fff7e23b070
R8 =0x00007f8d47009e60, R9 =0x00007f8d46800000, R10=0x000000000000003c, R11=0x0000000000000206
R12=0x0000000000002718, R13=0x00007f8d449ff400, R14=0x0000000000000050, R15=0x0000000000000000
RIP=0x00007fff918118f2, EFLAGS=0x0000000000010212, ERR=0x0000000000000000
  TRAPNO=0x000000000000000d

Top of Stack: (sp=0x00007fff5ce6d690)
0x00007fff5ce6d690:   00007fff5ce6d704 00007f8d41c1e2a0
0x00007fff5ce6d6a0:   ffffffffffffffff 0000206000000040
0x00007fff5ce6d6b0:   00007f8d41c1e2b8 00007fff961be64f
0x00007fff5ce6d6c0:   0000000000000000 3000000000000000
0x00007fff5ce6d6d0:   0000000300000003 00007fff5ce6d818
0x00007fff5ce6d6e0:   00007fff5ce6d7a4 0000000000026a33
0x00007fff5ce6d6f0:   00007fff5ce6d79c 00007fff5ce6d7a0
0x00007fff5ce6d700:   00007fff5ce6d780 00007fff98bc5f1e
0x00007fff5ce6d710:   0000000000000000 00000000000056d0
0x00007fff5ce6d720:   0000003400001200 0000040b00000000
0x00007fff5ce6d730:   00007fff5ce6d760 00007fff98b782fe
0x00007fff5ce6d740:   00007fff5ce6d7d8 00000000000056d0
0x00007fff5ce6d750:   00007fff5ce6d790 0000000028ab365b
0x00007fff5ce6d760:   2100db0324e91bf7 00007f8d47000000
0x00007fff5ce6d770:   0000000000002718 0000000000000000
0x00007fff5ce6d780:   0000000000000050 0000000000000000
0x00007fff5ce6d790:   00007fff5ce6d7e0 00007fff96efa7e8
0x00007fff5ce6d7a0:   00007f8d47009e60 0000000000000000
0x00007fff5ce6d7b0:   00007f8d4412f588 00007f8d4405a6e0
0x00007fff5ce6d7c0:   0000000000000000 00007f8d45161550
0x00007fff5ce6d7d0:   00007f8d4515f600 00007fff7e23b070
0x00007fff5ce6d7e0:   00007fff5ce6d8d0 00007fff968877ac
0x00007fff5ce6d7f0:   408c200000000000 4058800000000000
0x00007fff5ce6d800:   4077800000000000 4093600000000000
0x00007fff5ce6d810:   407f600000000000 0000000000000000
0x00007fff5ce6d820:   4036000000000000 4093600000000000
0x00007fff5ce6d830:   407e000000000000 0000000000000000
0x00007fff5ce6d840:   0000000000000000 0000000000000001
0x00007fff5ce6d850:   00007f8d4412f588 0000000000000001
0x00007fff5ce6d860:   00007fff5ce6d8d0 00007fff9688c64c
0x00007fff5ce6d870:   0000000100000000 00007f8d45161550
0x00007fff5ce6d880:   00007f8d45161488 000000029545ffff 

Instructions: (pc=0x00007fff918118f2)
0x00007fff918118d2:   48 85 d2 b8 01 00 00 00 bb 15 27 00 00 0f 44 d8
0x00007fff918118e2:   e9 7f 01 00 00 49 8b 45 08 48 89 85 38 ff ff ff
0x00007fff918118f2:   48 8b 00 48 89 85 30 ff ff ff 83 fe 4f 0f 8f fd
0x00007fff91811902:   00 00 00 48 89 d0 bb 15 27 00 00 83 fe 35 0f 84 

Register to memory mapping:

RAX=0x3000000000000000 is an unknown value
RBX=0x000000000000271e is an unknown value
RCX=0x0000000000000000 is an unknown value
RDX=0x00007f8d4412f588 is an unknown value
RSP=0x00007fff5ce6d690 is pointing into the stack for thread: 0x00007f8d44873000
RBP=0x00007fff5ce6d790 is pointing into the stack for thread: 0x00007f8d44873000
RSI=0x0000000000000050 is an unknown value
RDI=0x00007fff7e23b070: __stack_chk_guard+0 in /usr/lib/system/libsystem_c.dylib at 0x00007fff97511000
R8 =0x00007f8d47009e60 is an unknown value
R9 =0x00007f8d46800000 is an unknown value
R10=0x000000000000003c is an unknown value
R11=0x0000000000000206 is an unknown value
R12=0x0000000000002718 is an unknown value
R13=0x00007f8d449ff400 is an unknown value
R14=0x0000000000000050 is an unknown value
R15=0x0000000000000000 is an unknown value


Stack: [0x00007fff5c674000,0x00007fff5ce74000],  sp=0x00007fff5ce6d690,  free space=8165k
Native frames: (J=compiled Java code, j=interpreted, Vv=VM code, C=native code)
C  [libGPUSupportMercury.dylib+0xb8f2]  gldAttachDrawable+0x60
C  [GLEngine+0x167e8]  gliAttachDrawableWithOptions+0x101
C  [OpenGL+0x37ac]  glcGetIOAccelService+0xe03
C  [OpenGL+0x73f3]  CGLSetPBuffer+0xb90
C  [OpenGL+0x7716]  CGLSetSurface+0x124
C  [AppKit+0x57e567]  NSOpenGLContextAttachOnScreenViewSurface+0x109
C  [AppKit+0x2c669b]  -[NSOpenGLContext setView:]+0x83
C  [liblwjgl.dylib+0xa586]  -[MacOSXOpenGLView lockFocus]+0x76
C  [AppKit+0x14e3c5]  -[NSView _recursiveDisplayRectIfNeededIgnoringOpacity:isVisibleRect:rectIsVisibleRectForView:topView:]+0x740
C  [AppKit+0x14f420]  -[NSView _recursiveDisplayRectIfNeededIgnoringOpacity:isVisibleRect:rectIsVisibleRectForView:topView:]+0x179b
C  [AppKit+0x14d773]  -[NSThemeFrame _recursiveDisplayRectIfNeededIgnoringOpacity:isVisibleRect:rectIsVisibleRectForView:topView:]+0x14d
C  [AppKit+0x14a2cb]  -[NSView _displayRectIgnoringOpacity:isVisibleRect:rectIsVisibleRectForView:]+0xac9
C  [AppKit+0x128e2d]  -[NSView displayIfNeeded]+0x754
C  [AppKit+0x1461c5]  -[NSWindow displayIfNeeded]+0xe8
C  [AppKit+0x183322]  _handleWindowNeedsDisplayOrLayoutOrUpdateConstraints+0x3a8
C  [Foundation+0x66db3]  __NSFireTimer+0x5f
C  [CoreFoundation+0xb5b64]  __CFRUNLOOP_IS_CALLING_OUT_TO_A_TIMER_CALLBACK_FUNCTION__+0x14
C  [CoreFoundation+0xb57f3]  __CFRunLoopDoTimer+0x423
C  [CoreFoundation+0x128dbd]  __CFRunLoopDoTimers+0x12d
C  [CoreFoundation+0x72288]  __CFRunLoopRun+0x7e8
C  [CoreFoundation+0x71858]  CFRunLoopRunSpecific+0x128
C  [HIToolbox+0x2eaef]  RunCurrentEventLoopInMode+0xeb
C  [HIToolbox+0x2e86a]  ReceiveNextEventCommon+0x1af
C  [HIToolbox+0x2e6ab]  _BlockUntilNextEventMatchingListInModeWithFilter+0x47
C  [AppKit+0x23f81]  _DPSNextEvent+0x3c4
C  [AppKit+0x23730]  -[NSApplication nextEventMatchingMask:untilDate:inMode:dequeue:]+0xc2
C  [libosxapp.dylib+0x242a]  -[NSApplicationAWT nextEventMatchingMask:untilDate:inMode:dequeue:]+0x7c
C  [AppKit+0x17593]  -[NSApplication run]+0x252
C  [libosxapp.dylib+0x223e]  +[NSApplicationAWT runAWTLoopWithApp:]+0x9c
C  [libawt_lwawt.dylib+0x4494f]  -[AWTStarter starter:]+0x389
C  [Foundation+0x65cdc]  __NSThreadPerformPerform+0x125
C  [CoreFoundation+0x80681]  __CFRUNLOOP_IS_CALLING_OUT_TO_A_SOURCE0_PERFORM_FUNCTION__+0x11
C  [CoreFoundation+0x7280d]  __CFRunLoopDoSources0+0x10d
C  [CoreFoundation+0x71e3f]  __CFRunLoopRun+0x39f
C  [CoreFoundation+0x71858]  CFRunLoopRunSpecific+0x128
C  [java+0x56cc]  CreateExecutionEnvironment+0x367
C  [java+0x165c]  JLI_Launch+0x7a0
C  [java+0x768a]  main+0x65
C  [java+0xeb4]  start+0x34
C  0x0000000000000006


---------------  P R O C E S S  ---------------

Java Threads: ( => current thread )
  0x00007f8d42897800 JavaThread "AWT-Shutdown" [_thread_blocked, id=74151, stack(0x0000000129e53000,0x0000000129f53000)]
=>0x00007f8d44873000 JavaThread "AppKit Thread" daemon [_thread_in_native, id=1811, stack(0x00007fff5c674000,0x00007fff5ce74000)]
  0x00007f8d45028000 JavaThread "Service Thread" daemon [_thread_blocked, id=20739, stack(0x0000000122849000,0x0000000122949000)]
  0x00007f8d45035000 JavaThread "C1 CompilerThread3" daemon [_thread_blocked, id=20227, stack(0x0000000122746000,0x0000000122846000)]
  0x00007f8d4280b000 JavaThread "C2 CompilerThread2" daemon [_thread_blocked, id=19715, stack(0x0000000122643000,0x0000000122743000)]
  0x00007f8d4280a000 JavaThread "C2 CompilerThread1" daemon [_thread_blocked, id=19203, stack(0x0000000122540000,0x0000000122640000)]
  0x00007f8d43807800 JavaThread "C2 CompilerThread0" daemon [_thread_blocked, id=18691, stack(0x000000012243d000,0x000000012253d000)]
  0x00007f8d43805800 JavaThread "Signal Dispatcher" daemon [_thread_blocked, id=14611, stack(0x000000012233a000,0x000000012243a000)]
  0x00007f8d45000000 JavaThread "Finalizer" daemon [_thread_blocked, id=13571, stack(0x00000001209ed000,0x0000000120aed000)]
  0x00007f8d4200b800 JavaThread "Reference Handler" daemon [_thread_blocked, id=13059, stack(0x00000001208ea000,0x00000001209ea000)]
  0x00007f8d44800800 JavaThread "main" [_thread_in_native, id=4867, stack(0x0000000102ea2000,0x0000000102fa2000)]

Other Threads:
  0x00007f8d42802000 VMThread [stack: 0x00000001207e7000,0x00000001208e7000] [id=12547]
  0x00007f8d4500c800 WatcherThread [stack: 0x000000012294c000,0x0000000122a4c000] [id=21251]

VM state:not at safepoint (normal execution)

VM Mutex/Monitor currently owned by a thread: None

Heap:
 PSYoungGen      total 76288K, used 17586K [0x000000076ab00000, 0x0000000770000000, 0x00000007c0000000)
  eden space 65536K, 19% used [0x000000076ab00000,0x000000076b7ad2f8,0x000000076eb00000)
  from space 10752K, 42% used [0x000000076f580000,0x000000076f9ff630,0x0000000770000000)
  to   space 10752K, 0% used [0x000000076eb00000,0x000000076eb00000,0x000000076f580000)
 ParOldGen       total 290304K, used 250777K [0x00000006c0000000, 0x00000006d1b80000, 0x000000076ab00000)
  object space 290304K, 86% used [0x00000006c0000000,0x00000006cf4e65d0,0x00000006d1b80000)
 Metaspace       used 7244K, capacity 7369K, committed 7552K, reserved 1056768K
  class space    used 734K, capacity 791K, committed 896K, reserved 1048576K

Card table byte_map: [0x00000001142dc000,0x0000000114add000] byte_map_base: 0x0000000110cdc000

Marking Bits: (ParMarkBitMap*) 0x000000010489d390
 Begin Bits: [0x000000011584b000, 0x000000011984b000)
 End Bits:   [0x000000011984b000, 0x000000011d84b000)

Polling page: 0x0000000102fe6000

CodeCache: size=245760Kb used=3416Kb max_used=3416Kb free=242343Kb
 bounds [0x0000000104f1c000, 0x000000010527c000, 0x0000000113f1c000]
 total_blobs=1196 nmethods=796 adapters=315
 compilation: enabled

Compilation events (10 events):
Event: 7.675 Thread 0x00007f8d45035000  789   !   3       org.lwjgl.opengl.Display::isFullscreen (34 bytes)
Event: 7.675 Thread 0x00007f8d45035000 nmethod 789 0x000000010526c510 code [0x000000010526c680, 0x000000010526cab0]
Event: 7.758 Thread 0x00007f8d45035000  790       3       org.lwjgl.opengl.GL11::glTranslatef (24 bytes)
Event: 7.759 Thread 0x00007f8d45035000 nmethod 790 0x000000010526edd0 code [0x000000010526efc0, 0x000000010526f678]
Event: 7.760 Thread 0x00007f8d45035000  792       3       org.newdawn.slick.opengl.renderer.ImmediateModeOGLRenderer::glTranslatef (7 bytes)
Event: 7.761 Thread 0x00007f8d45035000 nmethod 792 0x000000010526fa90 code [0x000000010526fc80, 0x00000001052703b8]
Event: 8.176 Thread 0x00007f8d45035000  793       1       java.nio.HeapByteBuffer::_get (7 bytes)
Event: 8.176 Thread 0x00007f8d45035000 nmethod 793 0x00000001052708d0 code [0x0000000105270a20, 0x0000000105270b50]
Event: 8.217 Thread 0x00007f8d45035000  794       3       java.util.LinkedHashMap::get (33 bytes)
Event: 8.218 Thread 0x00007f8d45035000 nmethod 794 0x0000000105270c10 code [0x0000000105270dc0, 0x00000001052712a8]

GC Heap History (4 events):
Event: 3.224 GC heap before
{Heap before GC invocations=1 (full 0):
 PSYoungGen      total 76288K, used 59384K [0x000000076ab00000, 0x0000000770000000, 0x00000007c0000000)
  eden space 65536K, 90% used [0x000000076ab00000,0x000000076e4fe1a0,0x000000076eb00000)
  from space 10752K, 0% used [0x000000076f580000,0x000000076f580000,0x0000000770000000)
  to   space 10752K, 0% used [0x000000076eb00000,0x000000076eb00000,0x000000076f580000)
 ParOldGen       total 175104K, used 136101K [0x00000006c0000000, 0x00000006cab00000, 0x000000076ab00000)
  object space 175104K, 77% used [0x00000006c0000000,0x00000006c84e97f0,0x00000006cab00000)
 Metaspace       used 7096K, capacity 7241K, committed 7552K, reserved 1056768K
  class space    used 724K, capacity 791K, committed 896K, reserved 1048576K
Event: 3.230 GC heap after
Heap after GC invocations=1 (full 0):
 PSYoungGen      total 76288K, used 8223K [0x000000076ab00000, 0x0000000770000000, 0x00000007c0000000)
  eden space 65536K, 0% used [0x000000076ab00000,0x000000076ab00000,0x000000076eb00000)
  from space 10752K, 76% used [0x000000076eb00000,0x000000076f307e10,0x000000076f580000)
  to   space 10752K, 0% used [0x000000076f580000,0x000000076f580000,0x0000000770000000)
 ParOldGen       total 175104K, used 136117K [0x00000006c0000000, 0x00000006cab00000, 0x000000076ab00000)
  object space 175104K, 77% used [0x00000006c0000000,0x00000006c84ed7f0,0x00000006cab00000)
 Metaspace       used 7096K, capacity 7241K, committed 7552K, reserved 1056768K
  class space    used 724K, capacity 791K, committed 896K, reserved 1048576K
}
Event: 5.809 GC heap before
{Heap before GC invocations=2 (full 0):
 PSYoungGen      total 76288K, used 73099K [0x000000076ab00000, 0x0000000770000000, 0x00000007c0000000)
  eden space 65536K, 98% used [0x000000076ab00000,0x000000076ea5af60,0x000000076eb00000)
  from space 10752K, 76% used [0x000000076eb00000,0x000000076f307e10,0x000000076f580000)
  to   space 10752K, 0% used [0x000000076f580000,0x000000076f580000,0x0000000770000000)
 ParOldGen       total 290304K, used 250769K [0x00000006c0000000, 0x00000006d1b80000, 0x000000076ab00000)
  object space 290304K, 86% used [0x00000006c0000000,0x00000006cf4e45d0,0x00000006d1b80000)
 Metaspace       used 7119K, capacity 7241K, committed 7552K, reserved 1056768K
  class space    used 724K, capacity 791K, committed 896K, reserved 1048576K
Event: 5.814 GC heap after
Heap after GC invocations=2 (full 0):
 PSYoungGen      total 76288K, used 4605K [0x000000076ab00000, 0x0000000770000000, 0x00000007c0000000)
  eden space 65536K, 0% used [0x000000076ab00000,0x000000076ab00000,0x000000076eb00000)
  from space 10752K, 42% used [0x000000076f580000,0x000000076f9ff630,0x0000000770000000)
  to   space 10752K, 0% used [0x000000076eb00000,0x000000076eb00000,0x000000076f580000)
 ParOldGen       total 290304K, used 250777K [0x00000006c0000000, 0x00000006d1b80000, 0x000000076ab00000)
  object space 290304K, 86% used [0x00000006c0000000,0x00000006cf4e65d0,0x00000006d1b80000)
 Metaspace       used 7119K, capacity 7241K, committed 7552K, reserved 1056768K
  class space    used 724K, capacity 791K, committed 896K, reserved 1048576K
}

Deoptimization events (8 events):
Event: 0.792 Thread 0x00007f8d44800800 Uncommon trap: reason=unreached action=reinterpret pc=0x00000001051b9368 method=com.jcraft.jorbis.Mapping0.inverse(Lcom/jcraft/jorbis/Block;Ljava/lang/Object;)I @ 824
Event: 2.840 Thread 0x00007f8d44800800 Uncommon trap: reason=unloaded action=reinterpret pc=0x00000001051b2e44 method=org.newdawn.slick.openal.OggDecoder.getData(Ljava/io/InputStream;)Lorg/newdawn/slick/openal/OggData; @ 52
Event: 2.998 Thread 0x00007f8d44800800 Uncommon trap: reason=unreached action=reinterpret pc=0x00000001051b1f54 method=com.jcraft.jorbis.Block.synthesis(Lcom/jcraft/jogg/Packet;)I @ 211
Event: 2.998 Thread 0x00007f8d44800800 Uncommon trap: reason=null_check action=make_not_entrant pc=0x00000001051e9fd8 method=com.jcraft.jorbis.Floor1.inverse1(Lcom/jcraft/jorbis/Block;Ljava/lang/Object;Ljava/lang/Object;)Ljava/lang/Object; @ 38
Event: 5.714 Thread 0x00007f8d44800800 Uncommon trap: reason=class_check action=maybe_recompile pc=0x00000001051d0778 method=com.jcraft.jorbis.Mapping0.inverse(Lcom/jcraft/jorbis/Block;Ljava/lang/Object;)I @ 459
Event: 5.714 Thread 0x00007f8d44800800 Uncommon trap: reason=class_check action=maybe_recompile pc=0x00000001051d0778 method=com.jcraft.jorbis.Mapping0.inverse(Lcom/jcraft/jorbis/Block;Ljava/lang/Object;)I @ 459
Event: 5.714 Thread 0x00007f8d44800800 Uncommon trap: reason=class_check action=maybe_recompile pc=0x00000001051d0778 method=com.jcraft.jorbis.Mapping0.inverse(Lcom/jcraft/jorbis/Block;Ljava/lang/Object;)I @ 459
Event: 5.714 Thread 0x00007f8d44800800 Uncommon trap: reason=class_check action=maybe_recompile pc=0x00000001051d0778 method=com.jcraft.jorbis.Mapping0.inverse(Lcom/jcraft/jorbis/Block;Ljava/lang/Object;)I @ 459

Internal exceptions (10 events):
Event: 2.998 Thread 0x00007f8d44800800 Implicit null exception at 0x00000001051e7e04 to 0x00000001051e9fbd
Event: 5.707 Thread 0x00007f8d44800800 Exception <a 'java/security/PrivilegedActionException'> (0x000000076e597cf0) thrown at [/HUDSON3/workspace/8-2-build-macosx-x86_64/jdk8u25/1514/hotspot/src/share/vm/prims/jvm.cpp, line 1312]
Event: 5.902 Thread 0x00007f8d44800800 Exception <a 'java/security/PrivilegedActionException'> (0x000000076af20860) thrown at [/HUDSON3/workspace/8-2-build-macosx-x86_64/jdk8u25/1514/hotspot/src/share/vm/prims/jvm.cpp, line 1312]
Event: 5.902 Thread 0x00007f8d44800800 Exception <a 'java/security/PrivilegedActionException'> (0x000000076af23890) thrown at [/HUDSON3/workspace/8-2-build-macosx-x86_64/jdk8u25/1514/hotspot/src/share/vm/prims/jvm.cpp, line 1312]
Event: 5.906 Thread 0x00007f8d44800800 Exception <a 'java/security/PrivilegedActionException'> (0x000000076af31fc0) thrown at [/HUDSON3/workspace/8-2-build-macosx-x86_64/jdk8u25/1514/hotspot/src/share/vm/prims/jvm.cpp, line 1312]
Event: 5.907 Thread 0x00007f8d44800800 Exception <a 'java/security/PrivilegedActionException'> (0x000000076af3d540) thrown at [/HUDSON3/workspace/8-2-build-macosx-x86_64/jdk8u25/1514/hotspot/src/share/vm/prims/jvm.cpp, line 1312]
Event: 6.503 Thread 0x00007f8d44800800 Exception <a 'java/security/PrivilegedActionException'> (0x000000076b6e8cd0) thrown at [/HUDSON3/workspace/8-2-build-macosx-x86_64/jdk8u25/1514/hotspot/src/share/vm/prims/jvm.cpp, line 1312]
Event: 6.504 Thread 0x00007f8d44800800 Exception <a 'java/security/PrivilegedActionException'> (0x000000076b6eda58) thrown at [/HUDSON3/workspace/8-2-build-macosx-x86_64/jdk8u25/1514/hotspot/src/share/vm/prims/jvm.cpp, line 1312]
Event: 6.505 Thread 0x00007f8d44800800 Exception <a 'java/security/PrivilegedActionException'> (0x000000076b6f2708) thrown at [/HUDSON3/workspace/8-2-build-macosx-x86_64/jdk8u25/1514/hotspot/src/share/vm/prims/jvm.cpp, line 1312]
Event: 8.396 Thread 0x00007f8d44800800 Exception <a 'java/security/PrivilegedActionException'> (0x000000076b6f98d0) thrown at [/HUDSON3/workspace/8-2-build-macosx-x86_64/jdk8u25/1514/hotspot/src/share/vm/prims/jvm.cpp, line 1312]

Events (10 events):
Event: 6.505 loading class org/lwjgl/opengl/Sync$RunningAvg done
Event: 6.512 Thread 0x00007f8d43aa5800 Thread added: 0x00007f8d43aa5800
Event: 7.516 Executing VM operation: RevokeBias
Event: 7.516 Executing VM operation: RevokeBias done
Event: 7.516 Executing VM operation: RevokeBias
Event: 7.516 Executing VM operation: RevokeBias done
Event: 7.516 Thread 0x00007f8d43aa5800 Thread exited: 0x00007f8d43aa5800
Event: 8.173 Thread 0x00007f8d42897800 Thread added: 0x00007f8d42897800
Event: 8.396 loading class org/lwjgl/opengl/CallbackUtil
Event: 8.396 loading class org/lwjgl/opengl/CallbackUtil done


Dynamic libraries:
0x000000000c888000 	/System/Library/Frameworks/Cocoa.framework/Versions/A/Cocoa
0x000000000c888000 	/System/Library/Frameworks/Security.framework/Versions/A/Security
0x000000000c888000 	/System/Library/Frameworks/ApplicationServices.framework/Versions/A/ApplicationServices
0x000000000c888000 	/usr/lib/libz.1.dylib
0x000000000c888000 	/usr/lib/libSystem.B.dylib
0x000000000c888000 	/usr/lib/libobjc.A.dylib
0x000000000c888000 	/System/Library/Frameworks/CoreFoundation.framework/Versions/A/CoreFoundation
0x000000000c888000 	/System/Library/Frameworks/Foundation.framework/Versions/C/Foundation
0x000000000c888000 	/System/Library/Frameworks/AppKit.framework/Versions/C/AppKit
0x000000000c888000 	/System/Library/Frameworks/CoreData.framework/Versions/A/CoreData
0x000000000c888000 	/System/Library/PrivateFrameworks/RemoteViewServices.framework/Versions/A/RemoteViewServices
0x000000000c888000 	/System/Library/PrivateFrameworks/UIFoundation.framework/Versions/A/UIFoundation
0x000000000c888000 	/System/Library/Frameworks/IOSurface.framework/Versions/A/IOSurface
0x000000000c888000 	/System/Library/Frameworks/AudioToolbox.framework/Versions/A/AudioToolbox
0x000000000c888000 	/System/Library/Frameworks/AudioUnit.framework/Versions/A/AudioUnit
0x000000000c888000 	/System/Library/PrivateFrameworks/DataDetectorsCore.framework/Versions/A/DataDetectorsCore
0x000000000c888000 	/System/Library/PrivateFrameworks/DesktopServicesPriv.framework/Versions/A/DesktopServicesPriv
0x000000000c888000 	/System/Library/Frameworks/Carbon.framework/Versions/A/Frameworks/HIToolbox.framework/Versions/A/HIToolbox
0x000000000c888000 	/System/Library/Frameworks/QuartzCore.framework/Versions/A/QuartzCore
0x000000000c888000 	/System/Library/Frameworks/Carbon.framework/Versions/A/Frameworks/SpeechRecognition.framework/Versions/A/SpeechRecognition
0x000000000c888000 	/usr/lib/libauto.dylib
0x000000000c888000 	/usr/lib/libicucore.A.dylib
0x000000000c888000 	/usr/lib/libxml2.2.dylib
0x000000000c888000 	/System/Library/PrivateFrameworks/CoreUI.framework/Versions/A/CoreUI
0x000000000c888000 	/System/Library/Frameworks/CoreAudio.framework/Versions/A/CoreAudio
0x000000000c888000 	/System/Library/Frameworks/DiskArbitration.framework/Versions/A/DiskArbitration
0x000000000c888000 	/usr/lib/liblangid.dylib
0x000000000c888000 	/System/Library/PrivateFrameworks/MultitouchSupport.framework/Versions/A/MultitouchSupport
0x000000000c888000 	/System/Library/Frameworks/IOKit.framework/Versions/A/IOKit
0x000000000c888000 	/usr/lib/libDiagnosticMessagesClient.dylib
0x000000000c888000 	/System/Library/Frameworks/CoreServices.framework/Versions/A/CoreServices
0x000000000c888000 	/System/Library/PrivateFrameworks/PerformanceAnalysis.framework/Versions/A/PerformanceAnalysis
0x000000000c888000 	/System/Library/PrivateFrameworks/GenerationalStorage.framework/Versions/A/GenerationalStorage
0x000000000c888000 	/System/Library/Frameworks/OpenGL.framework/Versions/A/OpenGL
0x000000000c888000 	/System/Library/PrivateFrameworks/Sharing.framework/Versions/A/Sharing
0x000000000c888000 	/System/Library/Frameworks/CoreGraphics.framework/Versions/A/CoreGraphics
0x000000000c888000 	/System/Library/Frameworks/CoreText.framework/Versions/A/CoreText
0x000000000c888000 	/System/Library/Frameworks/ImageIO.framework/Versions/A/ImageIO
0x000000000c888000 	/usr/lib/libextension.dylib
0x000000000c888000 	/System/Library/PrivateFrameworks/Backup.framework/Versions/A/Backup
0x000000000c888000 	/usr/lib/libarchive.2.dylib
0x000000000c888000 	/System/Library/Frameworks/CFNetwork.framework/Versions/A/CFNetwork
0x000000000c888000 	/System/Library/Frameworks/SystemConfiguration.framework/Versions/A/SystemConfiguration
0x000000000c888000 	/usr/lib/libCRFSuite.dylib
0x000000000c888000 	/usr/lib/libc++.1.dylib
0x000000000c888000 	/usr/lib/libc++abi.dylib
0x000000000c888000 	/usr/lib/system/libcache.dylib
0x000000000c888000 	/usr/lib/system/libcommonCrypto.dylib
0x000000000c888000 	/usr/lib/system/libcompiler_rt.dylib
0x000000000c888000 	/usr/lib/system/libcopyfile.dylib
0x000000000c888000 	/usr/lib/system/libcorecrypto.dylib
0x000000000c888000 	/usr/lib/system/libdispatch.dylib
0x000000000c888000 	/usr/lib/system/libdyld.dylib
0x000000000c888000 	/usr/lib/system/libkeymgr.dylib
0x000000000c888000 	/usr/lib/system/liblaunch.dylib
0x000000000c888000 	/usr/lib/system/libmacho.dylib
0x000000000c888000 	/usr/lib/system/libquarantine.dylib
0x000000000c888000 	/usr/lib/system/libremovefile.dylib
0x000000000c888000 	/usr/lib/system/libsystem_asl.dylib
0x000000000c888000 	/usr/lib/system/libsystem_blocks.dylib
0x000000000c888000 	/usr/lib/system/libsystem_c.dylib
0x000000000c888000 	/usr/lib/system/libsystem_configuration.dylib
0x000000000c888000 	/usr/lib/system/libsystem_coreservices.dylib
0x000000000c888000 	/usr/lib/system/libsystem_coretls.dylib
0x000000000c888000 	/usr/lib/system/libsystem_dnssd.dylib
0x000000000c888000 	/usr/lib/system/libsystem_info.dylib
0x000000000c888000 	/usr/lib/system/libsystem_kernel.dylib
0x000000000c888000 	/usr/lib/system/libsystem_m.dylib
0x000000000c888000 	/usr/lib/system/libsystem_malloc.dylib
0x000000000c888000 	/usr/lib/system/libsystem_network.dylib
0x000000000c888000 	/usr/lib/system/libsystem_networkextension.dylib
0x000000000c888000 	/usr/lib/system/libsystem_notify.dylib
0x000000000c888000 	/usr/lib/system/libsystem_platform.dylib
0x000000000c888000 	/usr/lib/system/libsystem_pthread.dylib
0x000000000c888000 	/usr/lib/system/libsystem_sandbox.dylib
0x000000000c888000 	/usr/lib/system/libsystem_secinit.dylib
0x000000000c888000 	/usr/lib/system/libsystem_stats.dylib
0x000000000c888000 	/usr/lib/system/libsystem_trace.dylib
0x000000000c888000 	/usr/lib/system/libunc.dylib
0x000000000c888000 	/usr/lib/system/libunwind.dylib
0x000000000c888000 	/usr/lib/system/libxpc.dylib
0x000000000c888000 	/usr/lib/libbz2.1.0.dylib
0x000000000c888000 	/usr/lib/liblzma.5.dylib
0x000000000c888000 	/usr/lib/libbsm.0.dylib
0x000000000c888000 	/usr/lib/libsqlite3.dylib
0x000000000c888000 	/usr/lib/system/libkxld.dylib
0x000000000c888000 	/usr/lib/libxar.1.dylib
0x000000000c888000 	/usr/lib/libpam.2.dylib
0x000000000c888000 	/usr/lib/libOpenScriptingUtil.dylib
0x000000000c888000 	/System/Library/Frameworks/CoreServices.framework/Versions/A/Frameworks/FSEvents.framework/Versions/A/FSEvents
0x000000000c888000 	/System/Library/Frameworks/CoreServices.framework/Versions/A/Frameworks/CarbonCore.framework/Versions/A/CarbonCore
0x000000000c888000 	/System/Library/Frameworks/CoreServices.framework/Versions/A/Frameworks/Metadata.framework/Versions/A/Metadata
0x000000000c888000 	/System/Library/Frameworks/CoreServices.framework/Versions/A/Frameworks/OSServices.framework/Versions/A/OSServices
0x000000000c888000 	/System/Library/Frameworks/CoreServices.framework/Versions/A/Frameworks/SearchKit.framework/Versions/A/SearchKit
0x000000000c888000 	/System/Library/Frameworks/CoreServices.framework/Versions/A/Frameworks/AE.framework/Versions/A/AE
0x000000000c888000 	/System/Library/Frameworks/CoreServices.framework/Versions/A/Frameworks/LaunchServices.framework/Versions/A/LaunchServices
0x000000000c888000 	/System/Library/Frameworks/CoreServices.framework/Versions/A/Frameworks/DictionaryServices.framework/Versions/A/DictionaryServices
0x000000000c888000 	/System/Library/Frameworks/NetFS.framework/Versions/A/NetFS
0x000000000c888000 	/System/Library/PrivateFrameworks/NetAuth.framework/Versions/A/NetAuth
0x000000000c888000 	/System/Library/PrivateFrameworks/login.framework/Versions/A/Frameworks/loginsupport.framework/Versions/A/loginsupport
0x000000000c888000 	/System/Library/PrivateFrameworks/TCC.framework/Versions/A/TCC
0x000000000c888000 	/usr/lib/libmecabra.dylib
0x000000000c888000 	/System/Library/Frameworks/ApplicationServices.framework/Versions/A/Frameworks/ATS.framework/Versions/A/ATS
0x000000000c888000 	/System/Library/Frameworks/ApplicationServices.framework/Versions/A/Frameworks/ColorSync.framework/Versions/A/ColorSync
0x000000000c888000 	/System/Library/Frameworks/ApplicationServices.framework/Versions/A/Frameworks/HIServices.framework/Versions/A/HIServices
0x000000000c888000 	/System/Library/Frameworks/ApplicationServices.framework/Versions/A/Frameworks/LangAnalysis.framework/Versions/A/LangAnalysis
0x000000000c888000 	/System/Library/Frameworks/ApplicationServices.framework/Versions/A/Frameworks/PrintCore.framework/Versions/A/PrintCore
0x000000000c888000 	/System/Library/Frameworks/ApplicationServices.framework/Versions/A/Frameworks/QD.framework/Versions/A/QD
0x000000000c888000 	/System/Library/Frameworks/ApplicationServices.framework/Versions/A/Frameworks/SpeechSynthesis.framework/Versions/A/SpeechSynthesis
0x000000000c888000 	/System/Library/Frameworks/Accelerate.framework/Versions/A/Accelerate
0x000000000c888000 	/System/Library/Frameworks/Accelerate.framework/Versions/A/Frameworks/vImage.framework/Versions/A/vImage
0x000000000c888000 	/System/Library/Frameworks/Accelerate.framework/Versions/A/Frameworks/vecLib.framework/Versions/A/vecLib
0x000000000c888000 	/System/Library/Frameworks/Accelerate.framework/Versions/A/Frameworks/vecLib.framework/Versions/A/libvDSP.dylib
0x000000000c888000 	/System/Library/Frameworks/Accelerate.framework/Versions/A/Frameworks/vecLib.framework/Versions/A/libvMisc.dylib
0x000000000c888000 	/System/Library/Frameworks/Accelerate.framework/Versions/A/Frameworks/vecLib.framework/Versions/A/libLAPACK.dylib
0x000000000c888000 	/System/Library/Frameworks/Accelerate.framework/Versions/A/Frameworks/vecLib.framework/Versions/A/libBLAS.dylib
0x000000000c888000 	/System/Library/Frameworks/Accelerate.framework/Versions/A/Frameworks/vecLib.framework/Versions/A/libLinearAlgebra.dylib
0x000000000c888000 	/System/Library/Frameworks/ApplicationServices.framework/Versions/A/Frameworks/ATS.framework/Versions/A/Resources/libFontParser.dylib
0x000000000c888000 	/System/Library/Frameworks/ApplicationServices.framework/Versions/A/Frameworks/ATS.framework/Versions/A/Resources/libFontRegistry.dylib
0x000000000c888000 	/System/Library/PrivateFrameworks/AppleVPA.framework/Versions/A/AppleVPA
0x000000000c888000 	/System/Library/PrivateFrameworks/AppleJPEG.framework/Versions/A/AppleJPEG
0x000000000c888000 	/System/Library/Frameworks/ImageIO.framework/Versions/A/Resources/libJPEG.dylib
0x000000000c888000 	/System/Library/Frameworks/ImageIO.framework/Versions/A/Resources/libTIFF.dylib
0x000000000c888000 	/System/Library/Frameworks/ImageIO.framework/Versions/A/Resources/libPng.dylib
0x000000000c888000 	/System/Library/Frameworks/ImageIO.framework/Versions/A/Resources/libGIF.dylib
0x000000000c888000 	/System/Library/Frameworks/ImageIO.framework/Versions/A/Resources/libJP2.dylib
0x000000000c888000 	/System/Library/Frameworks/ImageIO.framework/Versions/A/Resources/libRadiance.dylib
0x000000000c888000 	/System/Library/Frameworks/CoreVideo.framework/Versions/A/CoreVideo
0x000000000c888000 	/System/Library/Frameworks/OpenGL.framework/Versions/A/Libraries/libGLU.dylib
0x000000000c888000 	/System/Library/Frameworks/OpenGL.framework/Versions/A/Libraries/libGFXShared.dylib
0x000000000c888000 	/System/Library/Frameworks/OpenGL.framework/Versions/A/Libraries/libGL.dylib
0x000000000c888000 	/System/Library/Frameworks/OpenGL.framework/Versions/A/Libraries/libGLImage.dylib
0x000000000c888000 	/System/Library/Frameworks/OpenGL.framework/Versions/A/Libraries/libCVMSPluginSupport.dylib
0x000000000c888000 	/System/Library/Frameworks/OpenGL.framework/Versions/A/Libraries/libCoreVMClient.dylib
0x000000000c888000 	/usr/lib/libcups.2.dylib
0x000000000c888000 	/System/Library/Frameworks/Kerberos.framework/Versions/A/Kerberos
0x000000000c888000 	/System/Library/Frameworks/GSS.framework/Versions/A/GSS
0x000000000c888000 	/usr/lib/libresolv.9.dylib
0x000000000c888000 	/usr/lib/libiconv.2.dylib
0x000000000c888000 	/System/Library/PrivateFrameworks/Heimdal.framework/Versions/A/Heimdal
0x000000000c888000 	/usr/lib/libheimdal-asn1.dylib
0x000000000c888000 	/System/Library/Frameworks/OpenDirectory.framework/Versions/A/OpenDirectory
0x000000000c888000 	/System/Library/PrivateFrameworks/CommonAuth.framework/Versions/A/CommonAuth
0x000000000c888000 	/System/Library/Frameworks/OpenDirectory.framework/Versions/A/Frameworks/CFOpenDirectory.framework/Versions/A/CFOpenDirectory
0x000000000c888000 	/System/Library/Frameworks/SecurityFoundation.framework/Versions/A/SecurityFoundation
0x000000000c888000 	/System/Library/PrivateFrameworks/LanguageModeling.framework/Versions/A/LanguageModeling
0x000000000c888000 	/usr/lib/libcmph.dylib
0x000000000c888000 	/System/Library/Frameworks/ServiceManagement.framework/Versions/A/ServiceManagement
0x000000000c888000 	/usr/lib/libxslt.1.dylib
0x000000000c888000 	/System/Library/Frameworks/Carbon.framework/Versions/A/Frameworks/Ink.framework/Versions/A/Ink
0x000000000c888000 	/System/Library/Frameworks/QuartzCore.framework/Versions/A/Frameworks/CoreImage.framework/Versions/A/CoreImage
0x000000000c888000 	/System/Library/PrivateFrameworks/CrashReporterSupport.framework/Versions/A/CrashReporterSupport
0x000000000c888000 	/System/Library/Frameworks/OpenCL.framework/Versions/A/OpenCL
0x000000000c888000 	/System/Library/PrivateFrameworks/FaceCore.framework/Versions/A/FaceCore
0x000000000c888000 	/System/Library/PrivateFrameworks/Ubiquity.framework/Versions/A/Ubiquity
0x000000000c888000 	/System/Library/PrivateFrameworks/IconServices.framework/Versions/A/IconServices
0x000000000c888000 	/System/Library/PrivateFrameworks/ChunkingLibrary.framework/Versions/A/ChunkingLibrary
0x000000000c888000 	/System/Library/PrivateFrameworks/Apple80211.framework/Versions/A/Apple80211
0x000000000c888000 	/System/Library/Frameworks/CoreWLAN.framework/Versions/A/CoreWLAN
0x000000000c888000 	/System/Library/Frameworks/IOBluetooth.framework/Versions/A/IOBluetooth
0x000000000c888000 	/System/Library/PrivateFrameworks/CoreWiFi.framework/Versions/A/CoreWiFi
0x000000000c888000 	/System/Library/Frameworks/CoreBluetooth.framework/Versions/A/CoreBluetooth
0x000000000c888000 	/System/Library/PrivateFrameworks/DebugSymbols.framework/Versions/A/DebugSymbols
0x000000000c888000 	/System/Library/PrivateFrameworks/CoreSymbolication.framework/Versions/A/CoreSymbolication
0x000000000c888000 	/System/Library/PrivateFrameworks/Symbolication.framework/Versions/A/Symbolication
0x000000000c888000 	/System/Library/PrivateFrameworks/SpeechRecognitionCore.framework/Versions/A/SpeechRecognitionCore
0x0000000104000000 	/Library/Java/JavaVirtualMachines/jdk1.8.0_25.jdk/Contents/Home/jre/lib/server/libjvm.dylib
0x000000000c888000 	/usr/lib/libstdc++.6.dylib
0x0000000102fa4000 	/Library/Java/JavaVirtualMachines/jdk1.8.0_25.jdk/Contents/Home/jre/lib/libverify.dylib
0x0000000102fb2000 	/Library/Java/JavaVirtualMachines/jdk1.8.0_25.jdk/Contents/Home/jre/lib/libjava.dylib
0x0000000102ff0000 	/Library/Java/JavaVirtualMachines/jdk1.8.0_25.jdk/Contents/Home/jre/lib/libzip.dylib
0x0000000120aef000 	/System/Library/Frameworks/JavaVM.framework/Frameworks/JavaRuntimeSupport.framework/JavaRuntimeSupport
0x0000000120b07000 	/System/Library/Frameworks/JavaVM.framework/Versions/A/Frameworks/JavaNativeFoundation.framework/Versions/A/JavaNativeFoundation
0x0000000120b1c000 	/System/Library/Frameworks/JavaVM.framework/Versions/A/JavaVM
0x000000000c888000 	/System/Library/Frameworks/Carbon.framework/Versions/A/Carbon
0x0000000120b29000 	/System/Library/PrivateFrameworks/JavaLaunching.framework/Versions/A/JavaLaunching
0x000000000c888000 	/System/Library/Frameworks/Carbon.framework/Versions/A/Frameworks/CommonPanels.framework/Versions/A/CommonPanels
0x000000000c888000 	/System/Library/Frameworks/Carbon.framework/Versions/A/Frameworks/Help.framework/Versions/A/Help
0x000000000c888000 	/System/Library/Frameworks/Carbon.framework/Versions/A/Frameworks/ImageCapture.framework/Versions/A/ImageCapture
0x000000000c888000 	/System/Library/Frameworks/Carbon.framework/Versions/A/Frameworks/OpenScripting.framework/Versions/A/OpenScripting
0x000000000c888000 	/System/Library/Frameworks/Carbon.framework/Versions/A/Frameworks/Print.framework/Versions/A/Print
0x000000000c888000 	/System/Library/Frameworks/Carbon.framework/Versions/A/Frameworks/SecurityHI.framework/Versions/A/SecurityHI
0x0000000122ab0000 	/Library/Java/JavaVirtualMachines/jdk1.8.0_25.jdk/Contents/Home/jre/lib/libawt.dylib
0x0000000122b5f000 	/Library/Java/JavaVirtualMachines/jdk1.8.0_25.jdk/Contents/Home/jre/lib/./libmlib_image.dylib
0x0000000122c2b000 	/Library/Java/JavaVirtualMachines/jdk1.8.0_25.jdk/Contents/Home/jre/lib/libawt_lwawt.dylib
0x0000000122cde000 	/Library/Java/JavaVirtualMachines/jdk1.8.0_25.jdk/Contents/Home/jre/lib/./libosxapp.dylib
0x000000000c888000 	/System/Library/Frameworks/ExceptionHandling.framework/Versions/A/ExceptionHandling
0x000000000c888000 	/System/Library/PrivateFrameworks/CoreServicesInternal.framework/Versions/A/CoreServicesInternal
0x000000000c888000 	/System/Library/PrivateFrameworks/CloudDocs.framework/Versions/A/CloudDocs
0x000000000c888000 	/System/Library/PrivateFrameworks/CoreDuet.framework/Versions/A/CoreDuet
0x000000000c888000 	/System/Library/Frameworks/CloudKit.framework/Versions/A/CloudKit
0x000000000c888000 	/System/Library/PrivateFrameworks/ProtocolBuffer.framework/Versions/A/ProtocolBuffer
0x000000000c888000 	/System/Library/PrivateFrameworks/CoreDuetDaemonProtocol.framework/Versions/A/CoreDuetDaemonProtocol
0x000000000c888000 	/System/Library/PrivateFrameworks/CoreDuetDebugLogging.framework/Versions/A/CoreDuetDebugLogging
0x000000000c888000 	/System/Library/Frameworks/CoreLocation.framework/Versions/A/CoreLocation
0x000000000c888000 	/System/Library/Frameworks/Accounts.framework/Versions/A/Accounts
0x000000000c888000 	/System/Library/PrivateFrameworks/ApplePushService.framework/Versions/A/ApplePushService
0x000000000c888000 	/System/Library/PrivateFrameworks/GeoServices.framework/Versions/A/GeoServices
0x000000000c888000 	/System/Library/PrivateFrameworks/OAuth.framework/Versions/A/OAuth
0x000000000c888000 	/System/Library/PrivateFrameworks/CoreDaemon.framework/Versions/B/CoreDaemon
0x000000000c888000 	/usr/lib/libcrypto.0.9.8.dylib
0x000000000c888000 	/System/Library/PrivateFrameworks/AppleSRP.framework/Versions/A/AppleSRP
0x000000000c888000 	/System/Library/PrivateFrameworks/TrustEvaluationAgent.framework/Versions/A/TrustEvaluationAgent
0x000000000c888000 	/System/Library/Frameworks/CoreGraphics.framework/Versions/A/Resources/libCGCMS.A.dylib
0x000000000c888000 	/System/Library/Frameworks/CoreGraphics.framework/Versions/A/Resources/libRIP.A.dylib
0x000000000c888000 	/System/Library/Frameworks/CoreGraphics.framework/Versions/A/Resources/libCGXType.A.dylib
0x000000000c888000 	/System/Library/Frameworks/OpenCL.framework/Versions/A/Libraries/libcldcpuengine.dylib
0x000000000c888000 	/System/Library/PrivateFrameworks/DiskImages.framework/Versions/A/DiskImages
0x000000000c888000 	/System/Library/Frameworks/DiscRecording.framework/Versions/A/DiscRecording
0x000000000c888000 	/usr/lib/libcsfde.dylib
0x000000000c888000 	/usr/lib/libcurl.4.dylib
0x000000000c888000 	/System/Library/PrivateFrameworks/MediaKit.framework/Versions/A/MediaKit
0x000000000c888000 	/System/Library/PrivateFrameworks/ProtectedCloudStorage.framework/Versions/A/ProtectedCloudStorage
0x000000000c888000 	/usr/lib/libCoreStorage.dylib
0x000000000c888000 	/System/Library/PrivateFrameworks/EFILogin.framework/Versions/A/EFILogin
0x000000000c888000 	/usr/lib/libutil.dylib
0x000000000c888000 	/System/Library/PrivateFrameworks/FindMyDevice.framework/Versions/A/FindMyDevice
0x000000000c888000 	/System/Library/Frameworks/LDAP.framework/Versions/A/LDAP
0x000000000c888000 	/usr/lib/libsasl2.2.dylib
0x0000000125c21000 	cl_kernels
0x0000000125c23000 	/System/Library/Frameworks/OpenCL.framework/Versions/A/Libraries/ImageFormats/unorm8_bgra.dylib
0x0000000125c13000 	cl_kernels
0x000000000c888000 	/System/Library/PrivateFrameworks/FamilyControls.framework/Versions/A/FamilyControls
0x000000000c888000 	/System/Library/PrivateFrameworks/CommerceKit.framework/Versions/A/Frameworks/CommerceCore.framework/Versions/A/CommerceCore
0x000000000c888000 	/System/Library/PrivateFrameworks/SystemAdministration.framework/Versions/A/SystemAdministration
0x000000000c888000 	/System/Library/PrivateFrameworks/AppContainer.framework/Versions/A/AppContainer
0x000000000c888000 	/System/Library/PrivateFrameworks/SecCodeWrapper.framework/Versions/A/SecCodeWrapper
0x000000000c888000 	/System/Library/Frameworks/DirectoryService.framework/Versions/A/DirectoryService
0x000000000c888000 	/System/Library/PrivateFrameworks/LoginUIKit.framework/Versions/A/Frameworks/LoginUICore.framework/Versions/A/LoginUICore
0x000000000c888000 	/usr/lib/libodfde.dylib
0x00000001270ce000 	/Library/Java/JavaVirtualMachines/jdk1.8.0_25.jdk/Contents/Home/jre/lib/libfontmanager.dylib
0x0000000127135000 	/Users/fredrikjohansen/Documents/OOSE15/native/macosx/liblwjgl.dylib
0x0000000125085000 	/Library/Java/JavaVirtualMachines/jdk1.8.0_25.jdk/Contents/Home/jre/lib/libjawt.dylib
0x000000000c888000 	/System/Library/Frameworks/OpenGL.framework/Versions/A/Resources/GLEngine.bundle/GLEngine
0x000000000c888000 	/System/Library/Frameworks/OpenGL.framework/Versions/A/Libraries/libGLProgrammability.dylib
0x0000000000000000 	/System/Library/Extensions/AppleIntelHD5000GraphicsGLDriver.bundle/Contents/MacOS/AppleIntelHD5000GraphicsGLDriver
0x000000000c888000 	/System/Library/PrivateFrameworks/IOAccelerator.framework/Versions/A/IOAccelerator
0x000000000c888000 	/System/Library/PrivateFrameworks/GPUSupport.framework/Versions/A/Libraries/libGPUSupportMercury.dylib
0x000000000c888000 	/System/Library/Frameworks/OpenGL.framework/Versions/A/Resources/GLRendererFloat.bundle/GLRendererFloat
0x0000000128178000 	/Users/fredrikjohansen/Documents/OOSE15/native/macosx/libjinput-osx.dylib
0x000000012817d000 	/System/Library/Extensions/IOHIDFamily.kext/Contents/PlugIns/IOHIDLib.plugin/Contents/MacOS/IOHIDLib
0x00000001281ab000 	/Users/fredrikjohansen/Documents/OOSE15/native/macosx/openal.dylib
0x000000012822f000 	/System/Library/Components/CoreAudio.component/Contents/MacOS/CoreAudio
0x0000000128504000 	/System/Library/Extensions/AppleHDA.kext/Contents/PlugIns/AppleHDAHALPlugIn.bundle/Contents/MacOS/AppleHDAHALPlugIn

VM Arguments:
jvm_args: -Djava.library.path=/Users/fredrikjohansen/Documents/OOSE15/native/macosx -Dfile.encoding=UTF-8 
java_command: example.SimpleSlickGame
java_class_path (initial): /Users/fredrikjohansen/Documents/OOSE15/bin:/Users/fredrikjohansen/Documents/OOSE15/lib/ibxm.jar:/Users/fredrikjohansen/Documents/OOSE15/lib/jinput.jar:/Users/fredrikjohansen/Documents/OOSE15/lib/jogg-0.0.7.jar:/Users/fredrikjohansen/Documents/OOSE15/lib/jorbis-0.0.15.jar:/Users/fredrikjohansen/Documents/OOSE15/lib/lwjgl_util.jar:/Users/fredrikjohansen/Documents/OOSE15/lib/lwjgl.jar:/Users/fredrikjohansen/Documents/OOSE15/lib/slick-examples.jar:/Users/fredrikjohansen/Documents/OOSE15/lib/slick.jar:/Users/fredrikjohansen/Documents/OOSE15/lib/tinylinepp.jar
Launcher Type: SUN_STANDARD

Environment Variables:
PATH=/usr/bin:/bin:/usr/sbin:/sbin
SHELL=/bin/bash
DISPLAY=/private/tmp/com.apple.launchd.RHKL60DxwW/org.macosforge.xquartz:0

Signal Handlers:
SIGSEGV: [libjvm.dylib+0x579dc7], sa_mask[0]=11111111011111110111111111111111, sa_flags=SA_ONSTACK|SA_RESTART|SA_SIGINFO
SIGBUS: [libjvm.dylib+0x579dc7], sa_mask[0]=11111111011111110111111111111111, sa_flags=SA_RESTART|SA_SIGINFO
SIGFPE: [libjvm.dylib+0x45b030], sa_mask[0]=11111111011111110111111111111111, sa_flags=SA_RESTART|SA_SIGINFO
SIGPIPE: [libjvm.dylib+0x45b030], sa_mask[0]=11111111011111110111111111111111, sa_flags=SA_RESTART|SA_SIGINFO
SIGXFSZ: [libjvm.dylib+0x45b030], sa_mask[0]=11111111011111110111111111111111, sa_flags=SA_RESTART|SA_SIGINFO
SIGILL: [libjvm.dylib+0x45b030], sa_mask[0]=11111111011111110111111111111111, sa_flags=SA_RESTART|SA_SIGINFO
SIGUSR1: SIG_DFL, sa_mask[0]=00000000000000000000000000000000, sa_flags=none
SIGUSR2: [libjvm.dylib+0x45ab4e], sa_mask[0]=00100000000000000000000000000000, sa_flags=SA_RESTART|SA_SIGINFO
SIGHUP: [libjvm.dylib+0x459121], sa_mask[0]=11111111011111110111111111111111, sa_flags=SA_RESTART|SA_SIGINFO
SIGINT: [libjvm.dylib+0x459121], sa_mask[0]=11111111011111110111111111111111, sa_flags=SA_RESTART|SA_SIGINFO
SIGTERM: [libjvm.dylib+0x459121], sa_mask[0]=11111111011111110111111111111111, sa_flags=SA_RESTART|SA_SIGINFO
SIGQUIT: [libjvm.dylib+0x459121], sa_mask[0]=11111111011111110111111111111111, sa_flags=SA_RESTART|SA_SIGINFO


---------------  S Y S T E M  ---------------

OS:Bsduname:Darwin 14.1.0 Darwin Kernel Version 14.1.0: Mon Dec 22 23:10:38 PST 2014; root:xnu-2782.10.72~2/RELEASE_X86_64 x86_64
rlimit: STACK 8192k, CORE 0k, NPROC 709, NOFILE 10240, AS infinity
load average:2.24 2.52 3.20

CPU:total 8 (4 cores per cpu, 2 threads per core) family 6 model 70 stepping 1, cmov, cx8, fxsr, mmx, sse, sse2, sse3, ssse3, sse4.1, sse4.2, popcnt, avx, avx2, aes, clmul, erms, lzcnt, ht, tsc, tscinvbit, bmi1, bmi2

Memory: 4k page, physical 16777216k(187284k free)

/proc/meminfo:


vm_info: Java HotSpot(TM) 64-Bit Server VM (25.25-b02) for bsd-amd64 JRE (1.8.0_25-b17), built on Sep 17 2014 16:56:50 by "java_re" with gcc 4.2.1 (Based on Apple Inc. build 5658) (LLVM build 2336.11.00)

time: Fri May  8 14:15:57 2015
elapsed time: 8 seconds (0d 0h 0m 8s)

